Log file open, 05/08/23 16:13:51
LogWindows: Failed to load 'aqProf.dll' (GetLastError=126)
LogWindows: File 'aqProf.dll' does not exist
LogWindows: Failed to load 'VtuneApi.dll' (GetLastError=126)
LogWindows: File 'VtuneApi.dll' does not exist
LogWindows: Failed to load 'VtuneApi32e.dll' (GetLastError=126)
LogWindows: File 'VtuneApi32e.dll' does not exist
LogConsoleResponse: Display: Failed to find resolution value strings in scalability ini. Falling back to default.
LogConsoleResponse: Display: Failed to find resolution value strings in scalability ini. Falling back to default.
LogInit: Display: Running engine for game: les4_5
LogPlatformFile: Not using cached read wrapper
LogTaskGraph: Started task graph with 5 named threads and 47 total threads with 3 sets of task threads.
LogStats: Stats thread started at 0.195033
LogICUInternationalization: ICU TimeZone Detection - Raw Offset: +1:00, Platform Override: ''
LogInit: Display: Loading text-based GConfig....
LogPluginManager: Mounting plugin MeshPainting
LogPluginManager: Mounting plugin XGEController
LogPluginManager: Mounting plugin Paper2D
LogPluginManager: Mounting plugin LightPropagationVolume
LogPluginManager: Mounting plugin CameraShakePreviewer
LogPluginManager: Mounting plugin LiveLink
LogPluginManager: Mounting plugin GameplayCameras
LogPluginManager: Mounting plugin OodleData
LogPluginManager: Mounting plugin AssetManagerEditor
LogPluginManager: Mounting plugin OodleNetwork
LogPluginManager: Mounting plugin CryptoKeys
LogPluginManager: Mounting plugin FacialAnimation
LogPluginManager: Mounting plugin CurveEditorTools
LogPluginManager: Mounting plugin DataValidation
LogPluginManager: Mounting plugin MaterialAnalyzer
LogPluginManager: Mounting plugin GeometryMode
LogPluginManager: Mounting plugin GameplayTagsEditor
LogPluginManager: Mounting plugin MobileLauncherProfileWizard
LogPluginManager: Mounting plugin PluginBrowser
LogPluginManager: Mounting plugin SpeedTreeImporter
LogPluginManager: Mounting plugin MacGraphicsSwitching
LogPluginManager: Mounting plugin Niagara
LogPluginManager: Mounting plugin AnimationSharing
LogPluginManager: Mounting plugin CLionSourceCodeAccess
LogPluginManager: Mounting plugin CodeLiteSourceCodeAccess
LogPluginManager: Mounting plugin GitSourceControl
LogPluginManager: Mounting plugin KDevelopSourceCodeAccess
LogPluginManager: Mounting plugin PerforceSourceControl
LogPluginManager: Mounting plugin PluginUtils
LogPluginManager: Mounting plugin PixWinPlugin
LogPluginManager: Mounting plugin RiderSourceCodeAccess
LogPluginManager: Mounting plugin PropertyAccessNode
LogPluginManager: Mounting plugin NullSourceCodeAccess
LogPluginManager: Mounting plugin PlasticSourceControl
LogPluginManager: Mounting plugin SubversionSourceControl
LogPluginManager: Mounting plugin UObjectPlugin
LogPluginManager: Mounting plugin TextureFormatOodle
LogPluginManager: Mounting plugin AlembicImporter
LogPluginManager: Mounting plugin AutomationUtils
LogPluginManager: Mounting plugin VisualStudioSourceCodeAccess
LogPluginManager: Mounting plugin ChaosClothEditor
LogPluginManager: Mounting plugin ChaosCloth
LogPluginManager: Mounting plugin XCodeSourceCodeAccess
LogPluginManager: Mounting plugin ChaosEditor
LogPluginManager: Mounting plugin BackChannel
LogPluginManager: Mounting plugin ChaosNiagara
LogPluginManager: Mounting plugin VisualStudioCodeSourceCodeAccess
LogPluginManager: Mounting plugin CharacterAI
LogPluginManager: Mounting plugin ChaosSolverPlugin
LogPluginManager: Mounting plugin DatasmithContent
LogPluginManager: Mounting plugin GeometryCache
LogPluginManager: Mounting plugin VariantManagerContent
LogPluginManager: Mounting plugin LuminPlatformFeatures
LogPluginManager: Mounting plugin MagicLeap
LogPluginManager: Mounting plugin GeometryProcessing
LogPluginManager: Mounting plugin GeometryCollectionPlugin
LogPluginManager: Mounting plugin MagicLeapLightEstimation
LogPluginManager: Mounting plugin MagicLeapMedia
LogPluginManager: Mounting plugin OpenImageDenoise
LogPluginManager: Mounting plugin MagicLeapPassableWorld
LogPluginManager: Mounting plugin MLSDK
LogPluginManager: Mounting plugin MotoSynth
LogPluginManager: Mounting plugin PlanarCut
LogPluginManager: Mounting plugin PythonScriptPlugin
LogPluginManager: Mounting plugin LevelSequenceEditor
LogPluginManager: Mounting plugin ProxyLODPlugin
LogPluginManager: Mounting plugin PlatformCrypto
LogPluginManager: Mounting plugin ActorSequence
LogPluginManager: Mounting plugin MatineeToLevelSequence
LogPluginManager: Mounting plugin TemplateSequence
LogPluginManager: Mounting plugin SkeletalReduction
LogPluginManager: Mounting plugin AndroidMedia
LogPluginManager: Mounting plugin AvfMedia
LogPluginManager: Mounting plugin ImgMedia
LogPluginManager: Mounting plugin MediaCompositing
LogPluginManager: Mounting plugin TcpMessaging
LogPluginManager: Mounting plugin WmfMedia
LogPluginManager: Mounting plugin MediaPlayerEditor
LogPluginManager: Mounting plugin WebMMedia
LogPluginManager: Mounting plugin UdpMessaging
LogPluginManager: Mounting plugin LauncherChunkInstaller
LogPluginManager: Mounting plugin OnlineSubsystem
LogPluginManager: Mounting plugin OnlineSubsystemNull
LogPluginManager: Mounting plugin OnlineSubsystemUtils
LogPluginManager: Mounting plugin ActorLayerUtilities
LogPluginManager: Mounting plugin AndroidMoviePlayer
LogPluginManager: Mounting plugin AndroidDeviceProfileSelector
LogPluginManager: Mounting plugin AssetTags
LogPluginManager: Mounting plugin AppleImageUtils
LogPluginManager: Mounting plugin ArchVisCharacter
LogPluginManager: Mounting plugin AppleMoviePlayer
LogPluginManager: Mounting plugin AudioCapture
LogPluginManager: Mounting plugin AudioSynesthesia
LogPluginManager: Mounting plugin CustomMeshComponent
LogPluginManager: Mounting plugin ChunkDownloader
LogPluginManager: Mounting plugin ScreenshotTools
LogPluginManager: Mounting plugin CableComponent
LogPluginManager: Mounting plugin AndroidPermission
LogPluginManager: Mounting plugin EditableMesh
LogPluginManager: Mounting plugin ExampleDeviceProfileSelector
LogPluginManager: Mounting plugin GoogleCloudMessaging
LogPluginManager: Mounting plugin GooglePAD
LogPluginManager: Mounting plugin Takes
LogPluginManager: Mounting plugin IOSDeviceProfileSelector
LogPluginManager: Mounting plugin LinuxDeviceProfileSelector
LogPluginManager: Mounting plugin LocationServicesBPLibrary
LogPluginManager: Mounting plugin MobilePatchingUtils
LogPluginManager: Mounting plugin OpenXR
LogPluginManager: Mounting plugin OpenXREyeTracker
LogPluginManager: Mounting plugin OpenXRHandTracking
LogPluginManager: Mounting plugin ProceduralMeshComponent
LogPluginManager: Mounting plugin PhysXVehicles
LogPluginManager: Mounting plugin RuntimePhysXCooking
LogPluginManager: Mounting plugin PostSplashScreen
LogPluginManager: Mounting plugin PropertyAccessEditor
LogPluginManager: Mounting plugin SoundFields
LogPluginManager: Mounting plugin Synthesis
LogPluginManager: Mounting plugin SignificanceManager
LogPluginManager: Mounting plugin WebMMoviePlayer
LogPluginManager: Mounting plugin WindowsMoviePlayer
LogPluginManager: Mounting plugin EnvironmentQueryEditor
LogPluginManager: Mounting plugin AISupport
LogPluginManager: Mounting plugin ContentBrowserAssetDataSource
LogPluginManager: Mounting plugin ContentBrowserFileDataSource
LogPluginManager: Mounting plugin ContentBrowserClassDataSource
LogPluginManager: Mounting plugin OnlineSubsystemIOS
LogPluginManager: Mounting plugin OnlineSubsystemGooglePlay
LogPluginManager: Mounting plugin OculusVR
LogPluginManager: Mounting plugin SteamVR
PixWinPlugin: PIX capture plugin failed to initialize! Check that the process is launched from PIX.
LogInit: Using libcurl 7.55.1-DEV
LogInit:  - built for x86_64-pc-win32
LogInit:  - supports SSL with OpenSSL/1.1.1
LogInit:  - supports HTTP deflate (compression) using libz 1.2.8
LogInit:  - other features:
LogInit:      CURL_VERSION_SSL
LogInit:      CURL_VERSION_LIBZ
LogInit:      CURL_VERSION_IPV6
LogInit:      CURL_VERSION_ASYNCHDNS
LogInit:      CURL_VERSION_LARGEFILE
LogInit:      CURL_VERSION_IDN
LogInit:  CurlRequestOptions (configurable via config and command line):
LogInit:  - bVerifyPeer = true  - Libcurl will verify peer certificate
LogInit:  - bUseHttpProxy = false  - Libcurl will NOT use HTTP proxy
LogInit:  - bDontReuseConnections = false  - Libcurl will reuse connections
LogInit:  - MaxHostConnections = 16  - Libcurl will limit the number of connections to a host
LogInit:  - LocalHostAddr = Default
LogInit:  - BufferSize = 65536
LogOnline: OSS: Creating online subsystem instance for: NULL
LogInit: WinSock: version 1.1 (2.2), MaxSocks=32767, MaxUdp=65467
LogOnline: OSS: TryLoadSubsystemAndSetDefault: Loaded subsystem for module [NULL]
LogOculusPluginWrapper: OculusPlugin initialized successfully
LogHMD: Failed initializing OVRPlugin 1.59.0
LogInit: Build: ++UE4+Release-4.27-CL-18319896
LogInit: Engine Version: 4.27.2-18319896+++UE4+Release-4.27
LogInit: Compatible Engine Version: 4.27.0-17155196+++UE4+Release-4.27
LogInit: Net CL: 17155196
LogInit: OS: Windows 10 (Release 2009) (), CPU: AMD Ryzen 7 5800H with Radeon Graphics         , GPU: AMD Radeon(TM) Graphics
LogInit: Compiled (64-bit): Nov 30 2021 07:12:08
LogInit: Compiled with Visual C++: 19.24.28315.00
LogInit: Build Configuration: Development
LogInit: Branch Name: ++UE4+Release-4.27
LogInit: Command Line: 
LogInit: Base Directory: C:/Program Files/Epic Games/UE_4.27/Engine/Binaries/Win64/
LogInit: Allocator: TBB
LogInit: Installed Engine Build: 1
LogDevObjectVersion: Number of dev versions registered: 29
LogDevObjectVersion:   Dev-Blueprints (B0D832E4-1F89-4F0D-ACCF-7EB736FD4AA2): 10
LogDevObjectVersion:   Dev-Build (E1C64328-A22C-4D53-A36C-8E866417BD8C): 0
LogDevObjectVersion:   Dev-Core (375EC13C-06E4-48FB-B500-84F0262A717E): 4
LogDevObjectVersion:   Dev-Editor (E4B068ED-F494-42E9-A231-DA0B2E46BB41): 40
LogDevObjectVersion:   Dev-Framework (CFFC743F-43B0-4480-9391-14DF171D2073): 37
LogDevObjectVersion:   Dev-Mobile (B02B49B5-BB20-44E9-A304-32B752E40360): 3
LogDevObjectVersion:   Dev-Networking (A4E4105C-59A1-49B5-A7C5-40C4547EDFEE): 0
LogDevObjectVersion:   Dev-Online (39C831C9-5AE6-47DC-9A44-9C173E1C8E7C): 0
LogDevObjectVersion:   Dev-Physics (78F01B33-EBEA-4F98-B9B4-84EACCB95AA2): 14
LogDevObjectVersion:   Dev-Platform (6631380F-2D4D-43E0-8009-CF276956A95A): 0
LogDevObjectVersion:   Dev-Rendering (12F88B9F-8875-4AFC-A67C-D90C383ABD29): 45
LogDevObjectVersion:   Dev-Sequencer (7B5AE74C-D270-4C10-A958-57980B212A5A): 13
LogDevObjectVersion:   Dev-VR (D7296918-1DD6-4BDD-9DE2-64A83CC13884): 3
LogDevObjectVersion:   Dev-LoadTimes (C2A15278-BFE7-4AFE-6C17-90FF531DF755): 1
LogDevObjectVersion:   Private-Geometry (6EACA3D4-40EC-4CC1-B786-8BED09428FC5): 3
LogDevObjectVersion:   Dev-AnimPhys (29E575DD-E0A3-4627-9D10-D276232CDCEA): 17
LogDevObjectVersion:   Dev-Anim (AF43A65D-7FD3-4947-9873-3E8ED9C1BB05): 15
LogDevObjectVersion:   Dev-ReflectionCapture (6B266CEC-1EC7-4B8F-A30B-E4D90942FC07): 1
LogDevObjectVersion:   Dev-Automation (0DF73D61-A23F-47EA-B727-89E90C41499A): 1
LogDevObjectVersion:   FortniteMain (601D1886-AC64-4F84-AA16-D3DE0DEAC7D6): 47
LogDevObjectVersion:   FortniteRelease (E7086368-6B23-4C58-8439-1B7016265E91): 1
LogDevObjectVersion:   Dev-Enterprise (9DFFBCD6-494F-0158-E221-12823C92A888): 10
LogDevObjectVersion:   Dev-Niagara (F2AED0AC-9AFE-416F-8664-AA7FFA26D6FC): 1
LogDevObjectVersion:   Dev-Destruction (174F1F0B-B4C6-45A5-B13F-2EE8D0FB917D): 10
LogDevObjectVersion:   Dev-Physics-Ext (35F94A83-E258-406C-A318-09F59610247C): 41
LogDevObjectVersion:   Dev-PhysicsMaterial-Chaos (B68FC16E-8B1B-42E2-B453-215C058844FE): 1
LogDevObjectVersion:   Dev-CineCamera (B2E18506-4273-CFC2-A54E-F4BB758BBA07): 1
LogDevObjectVersion:   Dev-VirtualProduction (64F58936-FD1B-42BA-BA96-7289D5D0FA4E): 1
LogDevObjectVersion:   Dev-MediaFramework (6F0ED827-A609-4895-9C91-998D90180EA4): 2
LogInit: Presizing for max 25165824 objects, including 0 objects not considered by GC, pre-allocating 0 bytes for permanent pool.
LogConfig: Applying CVar settings from Section [/Script/Engine.StreamingSettings] File [D:/UEProjects/lessonsRepeate/les4_5/Saved/Config/Windows/Engine.ini]
LogConfig: Setting CVar [[s.MinBulkDataSizeForAsyncLoading:131072]]
LogConfig: Setting CVar [[s.AsyncLoadingThreadEnabled:0]]
LogConfig: Setting CVar [[s.EventDrivenLoaderEnabled:1]]
LogConfig: Setting CVar [[s.WarnIfTimeLimitExceeded:0]]
LogConfig: Setting CVar [[s.TimeLimitExceededMultiplier:1.5]]
LogConfig: Setting CVar [[s.TimeLimitExceededMinTime:0.005]]
LogConfig: Setting CVar [[s.UseBackgroundLevelStreaming:1]]
LogConfig: Setting CVar [[s.PriorityAsyncLoadingExtraTime:15.0]]
LogConfig: Setting CVar [[s.LevelStreamingActorsUpdateTimeLimit:5.0]]
LogConfig: Setting CVar [[s.PriorityLevelStreamingActorsUpdateExtraTime:5.0]]
LogConfig: Setting CVar [[s.LevelStreamingComponentsRegistrationGranularity:10]]
LogConfig: Setting CVar [[s.UnregisterComponentsTimeLimit:1.0]]
LogConfig: Setting CVar [[s.LevelStreamingComponentsUnregistrationGranularity:5]]
LogConfig: Setting CVar [[s.FlushStreamingOnExit:1]]
LogInit: Object subsystem initialized
LogConfig: Setting CVar [[con.DebugEarlyDefault:1]]
LogConfig: Setting CVar [[r.setres:1280x720]]
[2023.05.08-14.13.52:949][  0]LogConfig: Setting CVar [[r.VSync:0]]
[2023.05.08-14.13.52:949][  0]LogConfig: Setting CVar [[r.RHICmdBypass:0]]
[2023.05.08-14.13.52:949][  0]LogConfig: Applying CVar settings from Section [/Script/Engine.RendererSettings] File [D:/UEProjects/lessonsRepeate/les4_5/Saved/Config/Windows/Engine.ini]
[2023.05.08-14.13.52:949][  0]LogConfig: Setting CVar [[r.GPUCrashDebugging:0]]
[2023.05.08-14.13.52:949][  0]LogConfig: Applying CVar settings from Section [/Script/Engine.RendererOverrideSettings] File [D:/UEProjects/lessonsRepeate/les4_5/Saved/Config/Windows/Engine.ini]
[2023.05.08-14.13.52:949][  0]LogConfig: Applying CVar settings from Section [/Script/Engine.StreamingSettings] File [D:/UEProjects/lessonsRepeate/les4_5/Saved/Config/Windows/Engine.ini]
[2023.05.08-14.13.52:949][  0]LogConfig: Setting CVar [[s.MinBulkDataSizeForAsyncLoading:131072]]
[2023.05.08-14.13.52:949][  0]LogConfig: Setting CVar [[s.AsyncLoadingThreadEnabled:0]]
[2023.05.08-14.13.52:949][  0]LogConfig: Setting CVar [[s.EventDrivenLoaderEnabled:1]]
[2023.05.08-14.13.52:949][  0]LogConfig: Setting CVar [[s.WarnIfTimeLimitExceeded:0]]
[2023.05.08-14.13.52:949][  0]LogConfig: Setting CVar [[s.TimeLimitExceededMultiplier:1.5]]
[2023.05.08-14.13.52:949][  0]LogConfig: Setting CVar [[s.TimeLimitExceededMinTime:0.005]]
[2023.05.08-14.13.52:949][  0]LogConfig: Setting CVar [[s.UseBackgroundLevelStreaming:1]]
[2023.05.08-14.13.52:949][  0]LogConfig: Setting CVar [[s.PriorityAsyncLoadingExtraTime:15.0]]
[2023.05.08-14.13.52:949][  0]LogConfig: Setting CVar [[s.LevelStreamingActorsUpdateTimeLimit:5.0]]
[2023.05.08-14.13.52:949][  0]LogConfig: Setting CVar [[s.PriorityLevelStreamingActorsUpdateExtraTime:5.0]]
[2023.05.08-14.13.52:949][  0]LogConfig: Setting CVar [[s.LevelStreamingComponentsRegistrationGranularity:10]]
[2023.05.08-14.13.52:949][  0]LogConfig: Setting CVar [[s.UnregisterComponentsTimeLimit:1.0]]
[2023.05.08-14.13.52:949][  0]LogConfig: Setting CVar [[s.LevelStreamingComponentsUnregistrationGranularity:5]]
[2023.05.08-14.13.52:949][  0]LogConfig: Setting CVar [[s.FlushStreamingOnExit:1]]
[2023.05.08-14.13.52:949][  0]LogConfig: Applying CVar settings from Section [/Script/Engine.GarbageCollectionSettings] File [D:/UEProjects/lessonsRepeate/les4_5/Saved/Config/Windows/Engine.ini]
[2023.05.08-14.13.52:949][  0]LogConfig: Setting CVar [[gc.MaxObjectsNotConsideredByGC:1]]
[2023.05.08-14.13.52:949][  0]LogConfig: Setting CVar [[gc.SizeOfPermanentObjectPool:0]]
[2023.05.08-14.13.52:949][  0]LogConfig: Setting CVar [[gc.FlushStreamingOnGC:0]]
[2023.05.08-14.13.52:949][  0]LogConfig: Setting CVar [[gc.NumRetriesBeforeForcingGC:10]]
[2023.05.08-14.13.52:950][  0]LogConfig: Setting CVar [[gc.AllowParallelGC:1]]
[2023.05.08-14.13.52:950][  0]LogConfig: Setting CVar [[gc.TimeBetweenPurgingPendingKillObjects:61.1]]
[2023.05.08-14.13.52:950][  0]LogConfig: Setting CVar [[gc.MaxObjectsInEditor:25165824]]
[2023.05.08-14.13.52:950][  0]LogConfig: Setting CVar [[gc.IncrementalBeginDestroyEnabled:1]]
[2023.05.08-14.13.52:950][  0]LogConfig: Setting CVar [[gc.CreateGCClusters:1]]
[2023.05.08-14.13.52:950][  0]LogConfig: Setting CVar [[gc.MinGCClusterSize:5]]
[2023.05.08-14.13.52:950][  0]LogConfig: Setting CVar [[gc.ActorClusteringEnabled:0]]
[2023.05.08-14.13.52:950][  0]LogConfig: Setting CVar [[gc.BlueprintClusteringEnabled:0]]
[2023.05.08-14.13.52:950][  0]LogConfig: Setting CVar [[gc.UseDisregardForGCOnDedicatedServers:0]]
[2023.05.08-14.13.52:950][  0]LogConfig: Setting CVar [[gc.MultithreadedDestructionEnabled:1]]
[2023.05.08-14.13.52:950][  0]LogConfig: Applying CVar settings from Section [/Script/Engine.NetworkSettings] File [D:/UEProjects/lessonsRepeate/les4_5/Saved/Config/Windows/Engine.ini]
[2023.05.08-14.13.52:950][  0]LogConfig: Applying CVar settings from Section [/Script/UnrealEd.CookerSettings] File [D:/UEProjects/lessonsRepeate/les4_5/Saved/Config/Windows/Engine.ini]
[2023.05.08-14.13.52:953][  0]LogConfig: Applying CVar settings from Section [ViewDistanceQuality@3] File [D:/UEProjects/lessonsRepeate/les4_5/Saved/Config/Windows/Scalability.ini]
[2023.05.08-14.13.52:953][  0]LogConfig: Setting CVar [[r.SkeletalMeshLODBias:0]]
[2023.05.08-14.13.52:954][  0]LogConfig: Setting CVar [[r.ViewDistanceScale:1.0]]
[2023.05.08-14.13.52:954][  0]LogConfig: Applying CVar settings from Section [AntiAliasingQuality@3] File [D:/UEProjects/lessonsRepeate/les4_5/Saved/Config/Windows/Scalability.ini]
[2023.05.08-14.13.52:954][  0]LogConfig: Setting CVar [[r.PostProcessAAQuality:4]]
[2023.05.08-14.13.52:954][  0]LogConfig: Applying CVar settings from Section [ShadowQuality@3] File [D:/UEProjects/lessonsRepeate/les4_5/Saved/Config/Windows/Scalability.ini]
[2023.05.08-14.13.52:954][  0]LogConfig: Setting CVar [[r.LightFunctionQuality:1]]
[2023.05.08-14.13.52:954][  0]LogConfig: Setting CVar [[r.ShadowQuality:5]]
[2023.05.08-14.13.52:954][  0]LogConfig: Setting CVar [[r.Shadow.CSM.MaxCascades:10]]
[2023.05.08-14.13.52:954][  0]LogConfig: Setting CVar [[r.Shadow.MaxResolution:2048]]
[2023.05.08-14.13.52:954][  0]LogConfig: Setting CVar [[r.Shadow.MaxCSMResolution:2048]]
[2023.05.08-14.13.52:954][  0]LogConfig: Setting CVar [[r.Shadow.RadiusThreshold:0.01]]
[2023.05.08-14.13.52:954][  0]LogConfig: Setting CVar [[r.Shadow.DistanceScale:1.0]]
[2023.05.08-14.13.52:954][  0]LogConfig: Setting CVar [[r.Shadow.CSM.TransitionScale:1.0]]
[2023.05.08-14.13.52:954][  0]LogConfig: Setting CVar [[r.Shadow.PreShadowResolutionFactor:1.0]]
[2023.05.08-14.13.52:954][  0]LogConfig: Setting CVar [[r.DistanceFieldShadowing:1]]
[2023.05.08-14.13.52:954][  0]LogConfig: Setting CVar [[r.DistanceFieldAO:1]]
[2023.05.08-14.13.52:954][  0]LogConfig: Setting CVar [[r.AOQuality:2]]
[2023.05.08-14.13.52:954][  0]LogConfig: Setting CVar [[r.VolumetricFog:1]]
[2023.05.08-14.13.52:954][  0]LogConfig: Setting CVar [[r.VolumetricFog.GridPixelSize:8]]
[2023.05.08-14.13.52:954][  0]LogConfig: Setting CVar [[r.VolumetricFog.GridSizeZ:128]]
[2023.05.08-14.13.52:954][  0]LogConfig: Setting CVar [[r.VolumetricFog.HistoryMissSupersampleCount:4]]
[2023.05.08-14.13.52:954][  0]LogConfig: Setting CVar [[r.LightMaxDrawDistanceScale:1]]
[2023.05.08-14.13.52:954][  0]LogConfig: Setting CVar [[r.CapsuleShadows:1]]
[2023.05.08-14.13.52:954][  0]LogConfig: Applying CVar settings from Section [PostProcessQuality@3] File [D:/UEProjects/lessonsRepeate/les4_5/Saved/Config/Windows/Scalability.ini]
[2023.05.08-14.13.52:954][  0]LogConfig: Setting CVar [[r.MotionBlurQuality:4]]
[2023.05.08-14.13.52:954][  0]LogConfig: Setting CVar [[r.AmbientOcclusionMipLevelFactor:0.4]]
[2023.05.08-14.13.52:954][  0]LogConfig: Setting CVar [[r.AmbientOcclusionMaxQuality:100]]
[2023.05.08-14.13.52:954][  0]LogConfig: Setting CVar [[r.AmbientOcclusionLevels:-1]]
[2023.05.08-14.13.52:954][  0]LogConfig: Setting CVar [[r.AmbientOcclusionRadiusScale:1.0]]
[2023.05.08-14.13.52:954][  0]LogConfig: Setting CVar [[r.DepthOfFieldQuality:2]]
[2023.05.08-14.13.52:954][  0]LogConfig: Setting CVar [[r.RenderTargetPoolMin:400]]
[2023.05.08-14.13.52:954][  0]LogConfig: Setting CVar [[r.LensFlareQuality:2]]
[2023.05.08-14.13.52:954][  0]LogConfig: Setting CVar [[r.SceneColorFringeQuality:1]]
[2023.05.08-14.13.52:954][  0]LogConfig: Setting CVar [[r.EyeAdaptationQuality:2]]
[2023.05.08-14.13.52:954][  0]LogConfig: Setting CVar [[r.BloomQuality:5]]
[2023.05.08-14.13.52:954][  0]LogConfig: Setting CVar [[r.FastBlurThreshold:100]]
[2023.05.08-14.13.52:954][  0]LogConfig: Setting CVar [[r.Upscale.Quality:3]]
[2023.05.08-14.13.52:954][  0]LogConfig: Setting CVar [[r.Tonemapper.GrainQuantization:1]]
[2023.05.08-14.13.52:954][  0]LogConfig: Setting CVar [[r.LightShaftQuality:1]]
[2023.05.08-14.13.52:954][  0]LogConfig: Setting CVar [[r.Filter.SizeScale:1]]
[2023.05.08-14.13.52:954][  0]LogConfig: Setting CVar [[r.Tonemapper.Quality:5]]
[2023.05.08-14.13.52:954][  0]LogConfig: Setting CVar [[r.DOF.Gather.AccumulatorQuality:1        ; higher gathering accumulator quality]]
[2023.05.08-14.13.52:954][  0]LogConfig: Setting CVar [[r.DOF.Gather.PostfilterMethod:1          ; Median3x3 postfilering method]]
[2023.05.08-14.13.52:954][  0]LogConfig: Setting CVar [[r.DOF.Gather.EnableBokehSettings:0       ; no bokeh simulation when gathering]]
[2023.05.08-14.13.52:954][  0]LogConfig: Setting CVar [[r.DOF.Gather.RingCount:4                 ; medium number of samples when gathering]]
[2023.05.08-14.13.52:954][  0]LogConfig: Setting CVar [[r.DOF.Scatter.ForegroundCompositing:1    ; additive foreground scattering]]
[2023.05.08-14.13.52:954][  0]LogConfig: Setting CVar [[r.DOF.Scatter.BackgroundCompositing:2    ; additive background scattering]]
[2023.05.08-14.13.52:954][  0]LogConfig: Setting CVar [[r.DOF.Scatter.EnableBokehSettings:1      ; bokeh simulation when scattering]]
[2023.05.08-14.13.52:954][  0]LogConfig: Setting CVar [[r.DOF.Scatter.MaxSpriteRatio:0.1         ; only a maximum of 10% of scattered bokeh]]
[2023.05.08-14.13.52:954][  0]LogConfig: Setting CVar [[r.DOF.Recombine.Quality:1                ; cheap slight out of focus]]
[2023.05.08-14.13.52:954][  0]LogConfig: Setting CVar [[r.DOF.Recombine.EnableBokehSettings:0    ; no bokeh simulation on slight out of focus]]
[2023.05.08-14.13.52:954][  0]LogConfig: Setting CVar [[r.DOF.TemporalAAQuality:1                ; more stable temporal accumulation]]
[2023.05.08-14.13.52:954][  0]LogConfig: Setting CVar [[r.DOF.Kernel.MaxForegroundRadius:0.025]]
[2023.05.08-14.13.52:954][  0]LogConfig: Setting CVar [[r.DOF.Kernel.MaxBackgroundRadius:0.025]]
[2023.05.08-14.13.52:954][  0]LogConfig: Applying CVar settings from Section [TextureQuality@3] File [D:/UEProjects/lessonsRepeate/les4_5/Saved/Config/Windows/Scalability.ini]
[2023.05.08-14.13.52:954][  0]LogConfig: Setting CVar [[r.Streaming.MipBias:0]]
[2023.05.08-14.13.52:954][  0]LogConfig: Setting CVar [[r.Streaming.AmortizeCPUToGPUCopy:0]]
[2023.05.08-14.13.52:954][  0]LogConfig: Setting CVar [[r.Streaming.MaxNumTexturesToStreamPerFrame:0]]
[2023.05.08-14.13.52:954][  0]LogConfig: Setting CVar [[r.Streaming.Boost:1]]
[2023.05.08-14.13.52:954][  0]LogConfig: Setting CVar [[r.MaxAnisotropy:8]]
[2023.05.08-14.13.52:954][  0]LogConfig: Setting CVar [[r.VT.MaxAnisotropy:8]]
[2023.05.08-14.13.52:954][  0]LogConfig: Setting CVar [[r.Streaming.LimitPoolSizeToVRAM:0]]
[2023.05.08-14.13.52:954][  0]LogConfig: Setting CVar [[r.Streaming.PoolSize:1000]]
[2023.05.08-14.13.52:954][  0]LogConfig: Setting CVar [[r.Streaming.MaxEffectiveScreenSize:0]]
[2023.05.08-14.13.52:954][  0]LogConfig: Applying CVar settings from Section [EffectsQuality@3] File [D:/UEProjects/lessonsRepeate/les4_5/Saved/Config/Windows/Scalability.ini]
[2023.05.08-14.13.52:954][  0]LogConfig: Setting CVar [[r.TranslucencyLightingVolumeDim:64]]
[2023.05.08-14.13.52:954][  0]LogConfig: Setting CVar [[r.RefractionQuality:2]]
[2023.05.08-14.13.52:954][  0]LogConfig: Setting CVar [[r.SSR.Quality:3]]
[2023.05.08-14.13.52:954][  0]LogConfig: Setting CVar [[r.SSR.HalfResSceneColor:0]]
[2023.05.08-14.13.52:954][  0]LogConfig: Setting CVar [[r.SceneColorFormat:4]]
[2023.05.08-14.13.52:954][  0]LogConfig: Setting CVar [[r.DetailMode:2]]
[2023.05.08-14.13.52:954][  0]LogConfig: Setting CVar [[r.TranslucencyVolumeBlur:1]]
[2023.05.08-14.13.52:954][  0]LogConfig: Setting CVar [[r.MaterialQualityLevel:1 ; High quality]]
[2023.05.08-14.13.52:954][  0]LogConfig: Setting CVar [[r.AnisotropicMaterials:1]]
[2023.05.08-14.13.52:954][  0]LogConfig: Setting CVar [[r.SSS.Scale:1]]
[2023.05.08-14.13.52:954][  0]LogConfig: Setting CVar [[r.SSS.SampleSet:2]]
[2023.05.08-14.13.52:954][  0]LogConfig: Setting CVar [[r.SSS.Quality:1]]
[2023.05.08-14.13.52:954][  0]LogConfig: Setting CVar [[r.SSS.HalfRes:0]]
[2023.05.08-14.13.52:954][  0]LogConfig: Setting CVar [[r.SSGI.Quality:3]]
[2023.05.08-14.13.52:954][  0]LogConfig: Setting CVar [[r.EmitterSpawnRateScale:1.0]]
[2023.05.08-14.13.52:954][  0]LogConfig: Setting CVar [[r.ParticleLightQuality:2]]
[2023.05.08-14.13.52:954][  0]LogConfig: Setting CVar [[r.SkyAtmosphere.AerialPerspectiveLUT.FastApplyOnOpaque:1 ; Always have FastSkyLUT 1 in this case to avoid wrong sky]]
[2023.05.08-14.13.52:954][  0]LogConfig: Setting CVar [[r.SkyAtmosphere.AerialPerspectiveLUT.SampleCountMaxPerSlice:4]]
[2023.05.08-14.13.52:954][  0]LogConfig: Setting CVar [[r.SkyAtmosphere.AerialPerspectiveLUT.DepthResolution:16.0]]
[2023.05.08-14.13.52:954][  0]LogConfig: Setting CVar [[r.SkyAtmosphere.FastSkyLUT:1]]
[2023.05.08-14.13.52:954][  0]LogConfig: Setting CVar [[r.SkyAtmosphere.FastSkyLUT.SampleCountMin:4.0]]
[2023.05.08-14.13.52:954][  0]LogConfig: Setting CVar [[r.SkyAtmosphere.FastSkyLUT.SampleCountMax:128.0]]
[2023.05.08-14.13.52:954][  0]LogConfig: Setting CVar [[r.SkyAtmosphere.SampleCountMin:4.0]]
[2023.05.08-14.13.52:954][  0]LogConfig: Setting CVar [[r.SkyAtmosphere.SampleCountMax:128.0]]
[2023.05.08-14.13.52:954][  0]LogConfig: Setting CVar [[r.SkyAtmosphere.TransmittanceLUT.UseSmallFormat:0]]
[2023.05.08-14.13.52:954][  0]LogConfig: Setting CVar [[r.SkyAtmosphere.TransmittanceLUT.SampleCount:10.0]]
[2023.05.08-14.13.52:954][  0]LogConfig: Setting CVar [[r.SkyAtmosphere.MultiScatteringLUT.SampleCount:15.0]]
[2023.05.08-14.13.52:954][  0]LogConfig: Setting CVar [[r.SkyLight.RealTimeReflectionCapture:1]]
[2023.05.08-14.13.52:954][  0]LogConfig: Applying CVar settings from Section [FoliageQuality@3] File [D:/UEProjects/lessonsRepeate/les4_5/Saved/Config/Windows/Scalability.ini]
[2023.05.08-14.13.52:954][  0]LogConfig: Setting CVar [[foliage.DensityScale:1.0]]
[2023.05.08-14.13.52:954][  0]LogConfig: Setting CVar [[grass.DensityScale:1.0]]
[2023.05.08-14.13.52:954][  0]LogConfig: Applying CVar settings from Section [ShadingQuality@3] File [D:/UEProjects/lessonsRepeate/les4_5/Saved/Config/Windows/Scalability.ini]
[2023.05.08-14.13.52:954][  0]LogConfig: Setting CVar [[r.HairStrands.SkyLighting.IntegrationType:2]]
[2023.05.08-14.13.52:954][  0]LogConfig: Setting CVar [[r.HairStrands.SkyAO.SampleCount:4]]
[2023.05.08-14.13.52:954][  0]LogConfig: Setting CVar [[r.HairStrands.Visibility.MSAA.SamplePerPixel:4]]
[2023.05.08-14.13.52:954][  0]LogInit: Selected Device Profile: [Windows]
[2023.05.08-14.13.52:954][  0]LogInit: Applying CVar settings loaded from the selected device profile: [Windows]
[2023.05.08-14.13.52:954][  0]LogHAL: Display: Platform has ~ 16 GB [16558014464 / 17179869184 / 16], which maps to Larger [LargestMinGB=32, LargerMinGB=12, DefaultMinGB=8, SmallerMinGB=6, SmallestMinGB=0)
[2023.05.08-14.13.52:954][  0]LogInit: Going up to parent DeviceProfile []
[2023.05.08-14.13.52:954][  0]LogConfig: Applying CVar settings from Section [ViewDistanceQuality@3] File [D:/UEProjects/lessonsRepeate/les4_5/Saved/Config/Windows/Scalability.ini]
[2023.05.08-14.13.52:954][  0]LogConfig: Setting CVar [[r.SkeletalMeshLODBias:0]]
[2023.05.08-14.13.52:954][  0]LogConfig: Setting CVar [[r.ViewDistanceScale:1.0]]
[2023.05.08-14.13.52:954][  0]LogConfig: Applying CVar settings from Section [AntiAliasingQuality@3] File [D:/UEProjects/lessonsRepeate/les4_5/Saved/Config/Windows/Scalability.ini]
[2023.05.08-14.13.52:954][  0]LogConfig: Setting CVar [[r.PostProcessAAQuality:4]]
[2023.05.08-14.13.52:954][  0]LogConfig: Applying CVar settings from Section [ShadowQuality@3] File [D:/UEProjects/lessonsRepeate/les4_5/Saved/Config/Windows/Scalability.ini]
[2023.05.08-14.13.52:954][  0]LogConfig: Setting CVar [[r.LightFunctionQuality:1]]
[2023.05.08-14.13.52:954][  0]LogConfig: Setting CVar [[r.ShadowQuality:5]]
[2023.05.08-14.13.52:954][  0]LogConfig: Setting CVar [[r.Shadow.CSM.MaxCascades:10]]
[2023.05.08-14.13.52:954][  0]LogConfig: Setting CVar [[r.Shadow.MaxResolution:2048]]
[2023.05.08-14.13.52:954][  0]LogConfig: Setting CVar [[r.Shadow.MaxCSMResolution:2048]]
[2023.05.08-14.13.52:955][  0]LogConfig: Setting CVar [[r.Shadow.RadiusThreshold:0.01]]
[2023.05.08-14.13.52:955][  0]LogConfig: Setting CVar [[r.Shadow.DistanceScale:1.0]]
[2023.05.08-14.13.52:955][  0]LogConfig: Setting CVar [[r.Shadow.CSM.TransitionScale:1.0]]
[2023.05.08-14.13.52:955][  0]LogConfig: Setting CVar [[r.Shadow.PreShadowResolutionFactor:1.0]]
[2023.05.08-14.13.52:955][  0]LogConfig: Setting CVar [[r.DistanceFieldShadowing:1]]
[2023.05.08-14.13.52:955][  0]LogConfig: Setting CVar [[r.DistanceFieldAO:1]]
[2023.05.08-14.13.52:955][  0]LogConfig: Setting CVar [[r.AOQuality:2]]
[2023.05.08-14.13.52:955][  0]LogConfig: Setting CVar [[r.VolumetricFog:1]]
[2023.05.08-14.13.52:955][  0]LogConfig: Setting CVar [[r.VolumetricFog.GridPixelSize:8]]
[2023.05.08-14.13.52:955][  0]LogConfig: Setting CVar [[r.VolumetricFog.GridSizeZ:128]]
[2023.05.08-14.13.52:955][  0]LogConfig: Setting CVar [[r.VolumetricFog.HistoryMissSupersampleCount:4]]
[2023.05.08-14.13.52:955][  0]LogConfig: Setting CVar [[r.LightMaxDrawDistanceScale:1]]
[2023.05.08-14.13.52:955][  0]LogConfig: Setting CVar [[r.CapsuleShadows:1]]
[2023.05.08-14.13.52:955][  0]LogConfig: Applying CVar settings from Section [PostProcessQuality@3] File [D:/UEProjects/lessonsRepeate/les4_5/Saved/Config/Windows/Scalability.ini]
[2023.05.08-14.13.52:955][  0]LogConfig: Setting CVar [[r.MotionBlurQuality:4]]
[2023.05.08-14.13.52:955][  0]LogConfig: Setting CVar [[r.AmbientOcclusionMipLevelFactor:0.4]]
[2023.05.08-14.13.52:955][  0]LogConfig: Setting CVar [[r.AmbientOcclusionMaxQuality:100]]
[2023.05.08-14.13.52:955][  0]LogConfig: Setting CVar [[r.AmbientOcclusionLevels:-1]]
[2023.05.08-14.13.52:955][  0]LogConfig: Setting CVar [[r.AmbientOcclusionRadiusScale:1.0]]
[2023.05.08-14.13.52:955][  0]LogConfig: Setting CVar [[r.DepthOfFieldQuality:2]]
[2023.05.08-14.13.52:955][  0]LogConfig: Setting CVar [[r.RenderTargetPoolMin:400]]
[2023.05.08-14.13.52:955][  0]LogConfig: Setting CVar [[r.LensFlareQuality:2]]
[2023.05.08-14.13.52:955][  0]LogConfig: Setting CVar [[r.SceneColorFringeQuality:1]]
[2023.05.08-14.13.52:955][  0]LogConfig: Setting CVar [[r.EyeAdaptationQuality:2]]
[2023.05.08-14.13.52:955][  0]LogConfig: Setting CVar [[r.BloomQuality:5]]
[2023.05.08-14.13.52:955][  0]LogConfig: Setting CVar [[r.FastBlurThreshold:100]]
[2023.05.08-14.13.52:955][  0]LogConfig: Setting CVar [[r.Upscale.Quality:3]]
[2023.05.08-14.13.52:955][  0]LogConfig: Setting CVar [[r.Tonemapper.GrainQuantization:1]]
[2023.05.08-14.13.52:955][  0]LogConfig: Setting CVar [[r.LightShaftQuality:1]]
[2023.05.08-14.13.52:955][  0]LogConfig: Setting CVar [[r.Filter.SizeScale:1]]
[2023.05.08-14.13.52:955][  0]LogConfig: Setting CVar [[r.Tonemapper.Quality:5]]
[2023.05.08-14.13.52:955][  0]LogConfig: Setting CVar [[r.DOF.Gather.AccumulatorQuality:1        ; higher gathering accumulator quality]]
[2023.05.08-14.13.52:955][  0]LogConfig: Setting CVar [[r.DOF.Gather.PostfilterMethod:1          ; Median3x3 postfilering method]]
[2023.05.08-14.13.52:955][  0]LogConfig: Setting CVar [[r.DOF.Gather.EnableBokehSettings:0       ; no bokeh simulation when gathering]]
[2023.05.08-14.13.52:955][  0]LogConfig: Setting CVar [[r.DOF.Gather.RingCount:4                 ; medium number of samples when gathering]]
[2023.05.08-14.13.52:955][  0]LogConfig: Setting CVar [[r.DOF.Scatter.ForegroundCompositing:1    ; additive foreground scattering]]
[2023.05.08-14.13.52:955][  0]LogConfig: Setting CVar [[r.DOF.Scatter.BackgroundCompositing:2    ; additive background scattering]]
[2023.05.08-14.13.52:955][  0]LogConfig: Setting CVar [[r.DOF.Scatter.EnableBokehSettings:1      ; bokeh simulation when scattering]]
[2023.05.08-14.13.52:955][  0]LogConfig: Setting CVar [[r.DOF.Scatter.MaxSpriteRatio:0.1         ; only a maximum of 10% of scattered bokeh]]
[2023.05.08-14.13.52:955][  0]LogConfig: Setting CVar [[r.DOF.Recombine.Quality:1                ; cheap slight out of focus]]
[2023.05.08-14.13.52:955][  0]LogConfig: Setting CVar [[r.DOF.Recombine.EnableBokehSettings:0    ; no bokeh simulation on slight out of focus]]
[2023.05.08-14.13.52:955][  0]LogConfig: Setting CVar [[r.DOF.TemporalAAQuality:1                ; more stable temporal accumulation]]
[2023.05.08-14.13.52:955][  0]LogConfig: Setting CVar [[r.DOF.Kernel.MaxForegroundRadius:0.025]]
[2023.05.08-14.13.52:955][  0]LogConfig: Setting CVar [[r.DOF.Kernel.MaxBackgroundRadius:0.025]]
[2023.05.08-14.13.52:955][  0]LogConfig: Applying CVar settings from Section [TextureQuality@3] File [D:/UEProjects/lessonsRepeate/les4_5/Saved/Config/Windows/Scalability.ini]
[2023.05.08-14.13.52:955][  0]LogConfig: Setting CVar [[r.Streaming.MipBias:0]]
[2023.05.08-14.13.52:955][  0]LogConfig: Setting CVar [[r.Streaming.AmortizeCPUToGPUCopy:0]]
[2023.05.08-14.13.52:955][  0]LogConfig: Setting CVar [[r.Streaming.MaxNumTexturesToStreamPerFrame:0]]
[2023.05.08-14.13.52:955][  0]LogConfig: Setting CVar [[r.Streaming.Boost:1]]
[2023.05.08-14.13.52:955][  0]LogConfig: Setting CVar [[r.MaxAnisotropy:8]]
[2023.05.08-14.13.52:955][  0]LogConfig: Setting CVar [[r.VT.MaxAnisotropy:8]]
[2023.05.08-14.13.52:955][  0]LogConfig: Setting CVar [[r.Streaming.LimitPoolSizeToVRAM:0]]
[2023.05.08-14.13.52:955][  0]LogConfig: Setting CVar [[r.Streaming.PoolSize:1000]]
[2023.05.08-14.13.52:955][  0]LogConfig: Setting CVar [[r.Streaming.MaxEffectiveScreenSize:0]]
[2023.05.08-14.13.52:955][  0]LogConfig: Applying CVar settings from Section [EffectsQuality@3] File [D:/UEProjects/lessonsRepeate/les4_5/Saved/Config/Windows/Scalability.ini]
[2023.05.08-14.13.52:955][  0]LogConfig: Setting CVar [[r.TranslucencyLightingVolumeDim:64]]
[2023.05.08-14.13.52:955][  0]LogConfig: Setting CVar [[r.RefractionQuality:2]]
[2023.05.08-14.13.52:955][  0]LogConfig: Setting CVar [[r.SSR.Quality:3]]
[2023.05.08-14.13.52:955][  0]LogConfig: Setting CVar [[r.SSR.HalfResSceneColor:0]]
[2023.05.08-14.13.52:955][  0]LogConfig: Setting CVar [[r.SceneColorFormat:4]]
[2023.05.08-14.13.52:955][  0]LogConfig: Setting CVar [[r.DetailMode:2]]
[2023.05.08-14.13.52:955][  0]LogConfig: Setting CVar [[r.TranslucencyVolumeBlur:1]]
[2023.05.08-14.13.52:955][  0]LogConfig: Setting CVar [[r.MaterialQualityLevel:1 ; High quality]]
[2023.05.08-14.13.52:955][  0]LogConfig: Setting CVar [[r.AnisotropicMaterials:1]]
[2023.05.08-14.13.52:955][  0]LogConfig: Setting CVar [[r.SSS.Scale:1]]
[2023.05.08-14.13.52:955][  0]LogConfig: Setting CVar [[r.SSS.SampleSet:2]]
[2023.05.08-14.13.52:955][  0]LogConfig: Setting CVar [[r.SSS.Quality:1]]
[2023.05.08-14.13.52:955][  0]LogConfig: Setting CVar [[r.SSS.HalfRes:0]]
[2023.05.08-14.13.52:955][  0]LogConfig: Setting CVar [[r.SSGI.Quality:3]]
[2023.05.08-14.13.52:955][  0]LogConfig: Setting CVar [[r.EmitterSpawnRateScale:1.0]]
[2023.05.08-14.13.52:955][  0]LogConfig: Setting CVar [[r.ParticleLightQuality:2]]
[2023.05.08-14.13.52:955][  0]LogConfig: Setting CVar [[r.SkyAtmosphere.AerialPerspectiveLUT.FastApplyOnOpaque:1 ; Always have FastSkyLUT 1 in this case to avoid wrong sky]]
[2023.05.08-14.13.52:955][  0]LogConfig: Setting CVar [[r.SkyAtmosphere.AerialPerspectiveLUT.SampleCountMaxPerSlice:4]]
[2023.05.08-14.13.52:955][  0]LogConfig: Setting CVar [[r.SkyAtmosphere.AerialPerspectiveLUT.DepthResolution:16.0]]
[2023.05.08-14.13.52:955][  0]LogConfig: Setting CVar [[r.SkyAtmosphere.FastSkyLUT:1]]
[2023.05.08-14.13.52:955][  0]LogConfig: Setting CVar [[r.SkyAtmosphere.FastSkyLUT.SampleCountMin:4.0]]
[2023.05.08-14.13.52:955][  0]LogConfig: Setting CVar [[r.SkyAtmosphere.FastSkyLUT.SampleCountMax:128.0]]
[2023.05.08-14.13.52:955][  0]LogConfig: Setting CVar [[r.SkyAtmosphere.SampleCountMin:4.0]]
[2023.05.08-14.13.52:955][  0]LogConfig: Setting CVar [[r.SkyAtmosphere.SampleCountMax:128.0]]
[2023.05.08-14.13.52:955][  0]LogConfig: Setting CVar [[r.SkyAtmosphere.TransmittanceLUT.UseSmallFormat:0]]
[2023.05.08-14.13.52:955][  0]LogConfig: Setting CVar [[r.SkyAtmosphere.TransmittanceLUT.SampleCount:10.0]]
[2023.05.08-14.13.52:955][  0]LogConfig: Setting CVar [[r.SkyAtmosphere.MultiScatteringLUT.SampleCount:15.0]]
[2023.05.08-14.13.52:955][  0]LogConfig: Setting CVar [[r.SkyLight.RealTimeReflectionCapture:1]]
[2023.05.08-14.13.52:955][  0]LogConfig: Applying CVar settings from Section [FoliageQuality@3] File [D:/UEProjects/lessonsRepeate/les4_5/Saved/Config/Windows/Scalability.ini]
[2023.05.08-14.13.52:955][  0]LogConfig: Setting CVar [[foliage.DensityScale:1.0]]
[2023.05.08-14.13.52:955][  0]LogConfig: Setting CVar [[grass.DensityScale:1.0]]
[2023.05.08-14.13.52:955][  0]LogConfig: Applying CVar settings from Section [ShadingQuality@3] File [D:/UEProjects/lessonsRepeate/les4_5/Saved/Config/Windows/Scalability.ini]
[2023.05.08-14.13.52:955][  0]LogConfig: Setting CVar [[r.HairStrands.SkyLighting.IntegrationType:2]]
[2023.05.08-14.13.52:955][  0]LogConfig: Setting CVar [[r.HairStrands.SkyAO.SampleCount:4]]
[2023.05.08-14.13.52:955][  0]LogConfig: Setting CVar [[r.HairStrands.Visibility.MSAA.SamplePerPixel:4]]
[2023.05.08-14.13.52:955][  0]LogConfig: Applying CVar settings from Section [Startup] File [../../../Engine/Config/ConsoleVariables.ini]
[2023.05.08-14.13.52:955][  0]LogConfig: Setting CVar [[net.UseAdaptiveNetUpdateFrequency:0]]
[2023.05.08-14.13.52:955][  0]LogConfig: Setting CVar [[p.chaos.AllowCreatePhysxBodies:1]]
[2023.05.08-14.13.52:955][  0]LogConfig: Setting CVar [[fx.SkipVectorVMBackendOptimizations:1]]
[2023.05.08-14.13.52:955][  0]LogConfig: Applying CVar settings from Section [ConsoleVariables] File [D:/UEProjects/lessonsRepeate/les4_5/Saved/Config/Windows/Engine.ini]
[2023.05.08-14.13.52:955][  0]LogConfig: Applying CVar settings from Section [ConsoleVariables] File [D:/UEProjects/lessonsRepeate/les4_5/Saved/Config/Windows/Editor.ini]
[2023.05.08-14.13.52:955][  0]LogInit: Computer: CATSNOTE
[2023.05.08-14.13.52:956][  0]LogInit: User: rovda
[2023.05.08-14.13.52:956][  0]LogInit: CPU Page size=4096, Cores=8
[2023.05.08-14.13.52:956][  0]LogInit: High frequency timer resolution =10.000000 MHz
[2023.05.08-14.13.52:956][  0]LogMemory: Memory total: Physical=15.4GB (16GB approx)
[2023.05.08-14.13.52:956][  0]LogMemory: Platform Memory Stats for Windows
[2023.05.08-14.13.52:956][  0]LogMemory: Process Physical Memory: 149.48 MB used, 154.47 MB peak
[2023.05.08-14.13.52:956][  0]LogMemory: Process Virtual Memory: 131.72 MB used, 131.72 MB peak
[2023.05.08-14.13.52:956][  0]LogMemory: Physical Memory: 9725.71 MB used,  6065.25 MB free, 15790.95 MB total
[2023.05.08-14.13.52:956][  0]LogMemory: Virtual Memory: 134212008.00 MB used,  5719.84 MB free, 134217728.00 MB total
[2023.05.08-14.13.52:960][  0]LogWindows: WindowsPlatformFeatures enabled
[2023.05.08-14.13.52:995][  0]LogInit: Physics initialised using underlying interface: PhysX
[2023.05.08-14.13.52:996][  0]LogInit: Using OS detected language (en-US).
[2023.05.08-14.13.52:996][  0]LogInit: Using OS detected locale (en-150).
[2023.05.08-14.13.52:999][  0]LogTextLocalizationManager: No specific localization for 'en-US' exists, so the 'en' localization will be used.
[2023.05.08-14.13.53:171][  0]LogInit: Setting process to per monitor DPI aware
[2023.05.08-14.13.53:181][  0]LogWindowsTextInputMethodSystem: Display: IME system deactivated.
[2023.05.08-14.13.53:189][  0]LogSlate: New Slate User Created.  User Index 0, Is Virtual User: 0
[2023.05.08-14.13.53:190][  0]LogSlate: Slate User Registered.  User Index 0, Is Virtual User: 0
[2023.05.08-14.13.53:308][  0]LogD3D11RHI: Loaded GFSDK_Aftermath_Lib.x64.dll
[2023.05.08-14.13.53:414][  0]LogHMD: Failed to initialize OpenVR with code 108
[2023.05.08-14.13.53:414][  0]LogD3D11RHI: D3D11 min allowed feature level: 11_0
[2023.05.08-14.13.53:414][  0]LogD3D11RHI: D3D11 max allowed feature level: 11_0
[2023.05.08-14.13.53:414][  0]LogD3D11RHI: D3D11 adapters:
[2023.05.08-14.13.53:522][  0]LogD3D11RHI:    0. 'NVIDIA GeForce RTX 3070 Laptop GPU' (Feature Level 11_0)
[2023.05.08-14.13.53:522][  0]LogD3D11RHI:       8033/0/7895 MB DedicatedVideo/DedicatedSystem/SharedSystem, Outputs:1, VendorId:0x10de
[2023.05.08-14.13.53:562][  0]LogD3D11RHI:    1. 'AMD Radeon(TM) Graphics' (Feature Level 11_0)
[2023.05.08-14.13.53:562][  0]LogD3D11RHI:       496/0/7895 MB DedicatedVideo/DedicatedSystem/SharedSystem, Outputs:0, VendorId:0x1002
[2023.05.08-14.13.53:563][  0]LogD3D11RHI:    2. 'Microsoft Basic Render Driver' (Feature Level 11_0)
[2023.05.08-14.13.53:563][  0]LogD3D11RHI:       0/0/7895 MB DedicatedVideo/DedicatedSystem/SharedSystem, Outputs:0, VendorId:0x1414
[2023.05.08-14.13.53:563][  0]LogD3D11RHI: Chosen D3D11 Adapter:
[2023.05.08-14.13.53:563][  0]LogD3D11RHI:     Description : NVIDIA GeForce RTX 3070 Laptop GPU
[2023.05.08-14.13.53:563][  0]LogD3D11RHI:     VendorId    : 10de
[2023.05.08-14.13.53:563][  0]LogD3D11RHI:     DeviceId    : 249d
[2023.05.08-14.13.53:563][  0]LogD3D11RHI:     SubSysId    : 106c1043
[2023.05.08-14.13.53:564][  0]LogD3D11RHI:     Revision    : 00a1
[2023.05.08-14.13.53:564][  0]LogD3D11RHI:     DedicatedVideoMemory : 8423211008 bytes
[2023.05.08-14.13.53:564][  0]LogD3D11RHI:     DedicatedSystemMemory : 0 bytes
[2023.05.08-14.13.53:564][  0]LogD3D11RHI:     SharedSystemMemory : 8279007232 bytes
[2023.05.08-14.13.53:564][  0]LogD3D11RHI:     AdapterLuid : 0 969320156
[2023.05.08-14.13.53:570][  0]LogD3D11RHI: Creating new Direct3DDevice
[2023.05.08-14.13.53:570][  0]LogD3D11RHI:     GPU DeviceId: 0x249d (for the marketing name, search the web for "GPU Device Id")
[2023.05.08-14.13.53:570][  0]LogWindows: EnumDisplayDevices:
[2023.05.08-14.13.53:570][  0]LogWindows:    0. 'AMD Radeon(TM) Graphics' (P:1 D:1)
[2023.05.08-14.13.53:571][  0]LogWindows:    1. 'AMD Radeon(TM) Graphics' (P:0 D:0)
[2023.05.08-14.13.53:571][  0]LogWindows:    2. 'AMD Radeon(TM) Graphics' (P:0 D:0)
[2023.05.08-14.13.53:571][  0]LogWindows:    3. 'NVIDIA GeForce RTX 3070 Laptop GPU' (P:0 D:0)
[2023.05.08-14.13.53:571][  0]LogWindows:    4. 'NVIDIA GeForce RTX 3070 Laptop GPU' (P:0 D:0)
[2023.05.08-14.13.53:571][  0]LogWindows:    5. 'NVIDIA GeForce RTX 3070 Laptop GPU' (P:0 D:0)
[2023.05.08-14.13.53:571][  0]LogWindows:    6. 'NVIDIA GeForce RTX 3070 Laptop GPU' (P:0 D:0)
[2023.05.08-14.13.53:572][  0]LogWindows: DebugString: PrimaryIsNotTheChoosenAdapter PrimaryIsNotTheChoosenAdapter PrimaryIsNotTheChoosenAdapter FoundDriverCount:4 
[2023.05.08-14.13.53:572][  0]LogD3D11RHI:     Adapter Name: NVIDIA GeForce RTX 3070 Laptop GPU
[2023.05.08-14.13.53:572][  0]LogD3D11RHI:   Driver Version: 531.79 (internal:31.0.15.3179, unified:531.79)
[2023.05.08-14.13.53:572][  0]LogD3D11RHI:      Driver Date: 4-25-2023
[2023.05.08-14.13.53:572][  0]LogRHI: Texture pool is 5623 MB (70% of 8033 MB)
[2023.05.08-14.13.53:572][  0]LogD3D11RHI: Creating D3DDevice using adapter:
[2023.05.08-14.13.53:572][  0]LogD3D11RHI:     Description : NVIDIA GeForce RTX 3070 Laptop GPU
[2023.05.08-14.13.53:572][  0]LogD3D11RHI:     VendorId    : 10de
[2023.05.08-14.13.53:572][  0]LogD3D11RHI:     DeviceId    : 249d
[2023.05.08-14.13.53:572][  0]LogD3D11RHI:     SubSysId    : 106c1043
[2023.05.08-14.13.53:572][  0]LogD3D11RHI:     Revision    : 00a1
[2023.05.08-14.13.53:572][  0]LogD3D11RHI:     DedicatedVideoMemory : 8423211008 bytes
[2023.05.08-14.13.53:572][  0]LogD3D11RHI:     DedicatedSystemMemory : 0 bytes
[2023.05.08-14.13.53:572][  0]LogD3D11RHI:     SharedSystemMemory : 8279007232 bytes
[2023.05.08-14.13.53:572][  0]LogD3D11RHI:     AdapterLuid : 0 969320156
[2023.05.08-14.13.53:633][  0]LogD3D11RHI: RHI has support for 64 bit atomics
[2023.05.08-14.13.53:633][  0]LogD3D11RHI: Async texture creation enabled
[2023.05.08-14.13.53:633][  0]LogD3D11RHI: Array index from any shader is supported
[2023.05.08-14.13.53:646][  0]LogD3D11RHI: GPU Timing Frequency: 1000.000000 (Debug: 2 1)
[2023.05.08-14.13.53:660][  0]LogRHI: GeForceNow SDK initialized: 1
[2023.05.08-14.13.53:905][  0]LogTargetPlatformManager: Display: Loaded TargetPlatform 'AllDesktop'
[2023.05.08-14.13.53:923][  0]LogTargetPlatformManager: Display: Loaded TargetPlatform 'Android'
[2023.05.08-14.13.53:923][  0]LogTargetPlatformManager: Display: Loaded TargetPlatform 'Android_ASTC'
[2023.05.08-14.13.53:923][  0]LogTargetPlatformManager: Display: Loaded TargetPlatform 'Android_DXT'
[2023.05.08-14.13.53:923][  0]LogTargetPlatformManager: Display: Loaded TargetPlatform 'Android_ETC2'
[2023.05.08-14.13.53:923][  0]LogTargetPlatformManager: Display: Loaded TargetPlatform 'AndroidClient'
[2023.05.08-14.13.53:923][  0]LogTargetPlatformManager: Display: Loaded TargetPlatform 'Android_ASTCClient'
[2023.05.08-14.13.53:923][  0]LogTargetPlatformManager: Display: Loaded TargetPlatform 'Android_DXTClient'
[2023.05.08-14.13.53:923][  0]LogTargetPlatformManager: Display: Loaded TargetPlatform 'Android_ETC2Client'
[2023.05.08-14.13.53:923][  0]LogTargetPlatformManager: Display: Loaded TargetPlatform 'Android_Multi'
[2023.05.08-14.13.53:923][  0]LogTargetPlatformManager: Display: Loaded TargetPlatform 'Android_MultiClient'
[2023.05.08-14.13.53:939][  0]LogTargetPlatformManager: Display: Loaded TargetPlatform 'IOSClient'
[2023.05.08-14.13.53:939][  0]LogTargetPlatformManager: Display: Loaded TargetPlatform 'IOS'
[2023.05.08-14.13.53:948][  0]LogTargetPlatformManager: Display: Loaded TargetPlatform 'Linux'
[2023.05.08-14.13.53:954][  0]LogTargetPlatformManager: Display: Loaded TargetPlatform 'LinuxNoEditor'
[2023.05.08-14.13.53:959][  0]LogTargetPlatformManager: Display: Loaded TargetPlatform 'LinuxClient'
[2023.05.08-14.13.53:964][  0]LogTargetPlatformManager: Display: Loaded TargetPlatform 'LinuxServer'
[2023.05.08-14.13.53:971][  0]LogTargetPlatformManager: Display: Loaded TargetPlatform 'LinuxAArch64NoEditor'
[2023.05.08-14.13.53:976][  0]LogTargetPlatformManager: Display: Loaded TargetPlatform 'LinuxAArch64Client'
[2023.05.08-14.13.53:981][  0]LogTargetPlatformManager: Display: Loaded TargetPlatform 'LinuxAArch64Server'
[2023.05.08-14.13.54:001][  0]LogTargetPlatformManager: Display: Loaded TargetPlatform 'Lumin'
[2023.05.08-14.13.54:001][  0]LogTargetPlatformManager: Display: Loaded TargetPlatform 'LuminClient'
[2023.05.08-14.13.54:009][  0]LogTargetPlatformManager: Display: Loaded TargetPlatform 'MacNoEditor'
[2023.05.08-14.13.54:013][  0]LogTargetPlatformManager: Display: Loaded TargetPlatform 'Mac'
[2023.05.08-14.13.54:018][  0]LogTargetPlatformManager: Display: Loaded TargetPlatform 'MacClient'
[2023.05.08-14.13.54:022][  0]LogTargetPlatformManager: Display: Loaded TargetPlatform 'MacServer'
[2023.05.08-14.13.54:032][  0]LogTargetPlatformManager: Display: Loaded TargetPlatform 'TVOSClient'
[2023.05.08-14.13.54:032][  0]LogTargetPlatformManager: Display: Loaded TargetPlatform 'TVOS'
[2023.05.08-14.13.54:040][  0]LogTargetPlatformManager: Display: Loaded TargetPlatform 'WindowsNoEditor'
[2023.05.08-14.13.54:045][  0]LogTargetPlatformManager: Display: Loaded TargetPlatform 'Windows'
[2023.05.08-14.13.54:050][  0]LogTargetPlatformManager: Display: Loaded TargetPlatform 'WindowsClient'
[2023.05.08-14.13.54:055][  0]LogTargetPlatformManager: Display: Loaded TargetPlatform 'WindowsServer'
[2023.05.08-14.13.54:055][  0]LogTargetPlatformManager: Display: Building Assets For Windows
[2023.05.08-14.13.54:062][  0]LogAudioDebug: Display: Lib vorbis DLL was dynamically loaded.
[2023.05.08-14.13.54:092][  0]LogTextureFormatOodle: Display: Oodle Texture 2.9.0 init RDO Off
[2023.05.08-14.13.54:126][  0]LogRendererCore: Ray tracing is disabled. Reason: r.RayTracing=0.
[2023.05.08-14.13.54:126][  0]LogShaderCompilers: Guid format shader working directory is 10 characters bigger than the processId version (D:/UEProjects/lessonsRepeate/les4_5/Intermediate/Shaders/WorkingDirectory/13648/).
[2023.05.08-14.13.54:126][  0]LogShaderCompilers: Cleaned the shader compiler working directory 'C:/Users/rovda/AppData/Local/Temp/UnrealShaderWorkingDir/A0A558554FCD5D3FCE090FBD6165485B/'.
[2023.05.08-14.13.54:127][  0]LogShaderCompilers: Display: Using XGE Controller for Shader Compilation.
[2023.05.08-14.13.54:687][  0]LogDerivedDataCache: Display: Max Cache Size: 512 MB
[2023.05.08-14.13.54:736][  0]LogDerivedDataCache: Loaded boot cache 0.05s 94MB C:/Users/rovda/AppData/Local/UnrealEngine/4.27/DerivedDataCache/Boot.ddc.
[2023.05.08-14.13.54:736][  0]LogDerivedDataCache: Display: Loaded Boot cache: C:/Users/rovda/AppData/Local/UnrealEngine/4.27/DerivedDataCache/Boot.ddc
[2023.05.08-14.13.54:736][  0]LogDerivedDataCache: FDerivedDataBackendGraph:  Pak pak cache file D:/UEProjects/lessonsRepeate/les4_5/DerivedDataCache/DDC.ddp not found, will not use a pak cache.
[2023.05.08-14.13.54:736][  0]LogDerivedDataCache: Unable to find inner node Pak for hierarchical cache Hierarchy.
[2023.05.08-14.13.54:736][  0]LogDerivedDataCache: FDerivedDataBackendGraph:  CompressedPak pak cache file D:/UEProjects/lessonsRepeate/les4_5/DerivedDataCache/Compressed.ddp not found, will not use a pak cache.
[2023.05.08-14.13.54:736][  0]LogDerivedDataCache: Unable to find inner node CompressedPak for hierarchical cache Hierarchy.
[2023.05.08-14.13.54:751][  0]LogDerivedDataCache: Display: Pak cache opened for reading ../../../Engine/DerivedDataCache/Compressed.ddp.
[2023.05.08-14.13.54:751][  0]LogDerivedDataCache: FDerivedDataBackendGraph:  EnterprisePak pak cache file ../../../Enterprise/DerivedDataCache/Compressed.ddp not found, will not use a pak cache.
[2023.05.08-14.13.54:751][  0]LogDerivedDataCache: Unable to find inner node EnterprisePak for hierarchical cache Hierarchy.
[2023.05.08-14.13.54:759][  0]LogDerivedDataCache: Speed tests for C:/Users/rovda/AppData/Local/UnrealEngine/Common/DerivedDataCache took 0.01 seconds
[2023.05.08-14.13.54:759][  0]LogDerivedDataCache: Display: Performance to C:/Users/rovda/AppData/Local/UnrealEngine/Common/DerivedDataCache: Latency=0.03ms. RandomReadSpeed=1216.23MBs, RandomWriteSpeed=155.56MBs. Assigned SpeedClass 'Local'
[2023.05.08-14.13.54:760][  0]LogDerivedDataCache: Using Local data cache path C:/Users/rovda/AppData/Local/UnrealEngine/Common/DerivedDataCache: Writable
[2023.05.08-14.13.54:760][  0]LogDerivedDataCache: Shared data cache path not found in *engine.ini, will not use an Shared cache.
[2023.05.08-14.13.54:760][  0]LogDerivedDataCache: Unable to find inner node Shared for hierarchical cache Hierarchy.
[2023.05.08-14.13.54:795][  0]LogSlate: Using FreeType 2.10.0
[2023.05.08-14.13.54:796][  0]LogSlate: SlateFontServices - WITH_FREETYPE: 1, WITH_HARFBUZZ: 1
[2023.05.08-14.13.54:819][  0]LogAssetRegistry: FAssetRegistry took 0.0024 seconds to start up
[2023.05.08-14.13.55:025][  0]LogInit: Selected Device Profile: [Windows]
[2023.05.08-14.13.55:025][  0]LogInit: Active device profile: [000002658F0F0F00][00000265902ECE80 49] Windows
[2023.05.08-14.13.55:025][  0]LogInit: Profiles: [000002658F0F0F00][00000265902ECE80 49] Windows, [000002658F0A2400][0000026589939000 49] WindowsNoEditor, [000002658F0F1F00][000002658EEB5180 49] WindowsServer, [000002658F0A1500][000002658EEB9300 49] WindowsClient, [000002658F0F1200][000002658EB3D480 49] IOS, [000002658F0A3A00][000002658EB41600 49] iPadAir, [000002658F0F3300][000002658EB45780 49] iPadAir2, [000002658F01D300][000002658ED7FA40 49] IPadPro, [000002658F01D400][000002658EB49A80 49] iPadAir3, [000002658F0A0B00][00000265872E9C00 49] iPadAir4, [000002658F01E100][00000265872F4200 49] iPadMini2, [000002658F0A3400][00000265872F8380 49] iPadMini3, [000002658F01EC00][00000265898B2500 49] iPadMini4, [000002658F0A2600][0000026589934640 49] iPadMini5, [000002658F024E00][00000265898BA880 49] iPhone6, [000002658F024F00][00000265898B68C0 49] iPodTouch6, [000002658F0F3700][00000265898C6B80 49] iPhone7, [000002658F0F2800][00000265898C2BC0 49] iPodTouch7, [000002658F01D100][00000265899FCD40 49] iPhone5S, [000002658F0F1100][0000026589A2EEC0 49] iPhone6Plus, [000002658F01EA00][0000026589A47040 49] iPhone6S, [000002658F0F1A00][00000265906A31C0 49] iPhone6SPlus, [000002658F024100][00000265906F7340 49] iPhone7Plus, [000002658F01DD00][000002658FFE74C0 49] iPhoneSE, [000002658F024C00][000002658FFEB640 49] iPhone8, [000002658F01C400][000002658FFEF7C0 49] iPhone8Plus, [000002658F026A00][000002658FFF3940 49] iPhoneX, [000002658F01FC00][000002658FFF7AC0 49] iPhoneXS, [000002658F026900][00000265900380C0 49] iPhoneXSMax, [000002658F01CB00][000002659003C240 49] iPhoneXR, [000002658F0F3800][00000265900443C0 49] iPhone11, [000002658F01FD00][0000026590048540 49] iPhone11Pro, [000002658F0F1B00][000002659004C6C0 49] iPhone11ProMax, [000002658F01D500][00000265898BE800 49] iPhoneSE2, [000002658F0F1E00][0000026590050940 49] iPhone12Mini, [000002658F01F100][000002658ED74A80 49] iPhone12, [000002658F0F3400][000002658ED78BC0 49] iPhone12Pro, [000002658F01CD00][000002658EEA8D40 49] iPhone12ProMax, [000002658F0F3C00][000002658EEACEC0 49] iPadPro105, [000002658F01F700][000002658EEB1040 49] iPadPro129, [000002658F0F2A00][00000265899C11C0 49] iPadPro97, [000002658F01C900][00000265899C5340 49] iPadPro2_129, [000002658F0F0800][00000265899C94C0 49] iPad5, [000002658F01D000][00000265906FB640 49] iPad6, [000002658F0F0400][00000265900417C0 49] iPad7, [000002658F01EB00][00000265899CD940 49] iPad8, [000002658F0F3500][00000265899D1AC0 49] iPadPro11, [000002658F01D800][00000265899D40C0 49] iPadPro2_11, [000002658F0F0900][00000265899D8240 49] iPadPro3_129, [000002658F01E800][00000265899DC3C0 49] iPadPro4_129, [000002658F0F2E00][00000265899E0540 49] AppleTV, [000002658F01FE00][00000265899E46C0 49] AppleTV4K, [000002658F0F0500][00000265899E8840 49] TVOS, [000002658F01D700][000002658FFFA980 49] Mac, [000002658F0F2300][00000265899ECAC0 49] MacClient, [000002658F01C800][00000265899F0C00 49] MacNoEditor, [000002658F0F1000][00000265899F4D40 49] MacServer, [000002658F01C500][0000026589862EC0 49] Linux, [000002658F0F2B00][0000026589867040 49] LinuxAArch64, [000002658F01D600][000002658986B1C0 49] LinuxNoEditor, [000002658F0F2100][000002658986F340 49] LinuxAArch64NoEditor, [000002658F01F900][00000265898734C0 49] LinuxClient, [000002658F0F2600][0000026589877640 49] LinuxAArch64Client, [000002658F01E300][000002658987B7C0 49] LinuxServer, [000002658F0F0700][000002658987F940 49] LinuxAArch64Server, [000002658F01DA00][0000026589883AC0 49] Android, [000002658F0F2200][00000265898860C0 49] Android_Low, [000002658F01DC00][000002658988A240 49] Android_Mid, [000002658F0F1300][000002658988E3C0 49] Android_High, [000002658F01CE00][0000026589892540 49] Android_Default, [000002658F0F3600][00000265898966C0 49] Android_Adreno4xx, [000002658F01CF00][000002658989A840 49] Android_Adreno5xx_Low, [000002658F0F3B00][000002658989E9C0 49] Android_Adreno5xx, [000002658F01FA00][00000265898A2B40 49] Android_Adreno6xx, [000002658F0F0B00][00000265899F8C80 49] Android_Adreno6xx_Vulkan, [000002658F01D900][00000265898A6DC0 49] Android_Mali_T6xx, [000002658F0F0A00][00000265898AAF00 49] Android_Mali_T7xx, [000002658F0A1400][0000026587253080 49] Android_Mali_T8xx, [000002658F024500][0000026587257200 49] Android_Mali_G71, [000002658F0A0600][000002658725B380 49] Android_Mali_G72, [000002658F024300][000002658725F500 49] Android_Mali_G72_Vulkan, [000002658F0A3300][0000026587263680 49] Android_Mali_G76, [000002658F025000][0000026587267800 49] Android_Mali_G76_Vulkan, [000002658F0A2000][000002658726B980 49] Android_Mali_G77, [000002658F026F00][000002658726FB00 49] Android_Mali_G77_Vulkan, [000002658F0A0E00][0000026587272100 49] Android_Mali_G78, [000002658F027100][0000026587276280 49] Android_Mali_G78_Vulkan, [000002658F0A0800][000002658727A400 49] Android_Mali_G710, [000002658F026C00][000002658727E580 49] Android_Mali_G710_Vulkan, [000002658F0A3600][0000026587282700 49] Android_Vulkan_SM5, [000002658F027500][0000026587286880 49] Android_PowerVR_G6xxx, [000002658F0A1900][000002658728AA00 49] Android_PowerVR_GT7xxx, [000002658F025D00][000002658728EB80 49] Android_PowerVR_GE8xxx, [000002658F0A2D00][0000026587292D00 49] Android_PowerVR_GM9xxx, [000002658F024800][00000265898AEE40 49] Android_PowerVR_GM9xxx_Vulkan, [000002658F0A3100][0000026587296F80 49] Android_TegraK1, [000002658F025200][000002658729B0C0 49] Android_Unknown_Vulkan, [000002658F0A2300][00000265872A3240 49] Lumin, [000002658F027700][00000265872A73C0 49] Lumin_Desktop, [000002658F0A2800][00000265872AB540 49] HoloLens, 
[2023.05.08-14.13.55:127][  0]LogMeshReduction: Using QuadricMeshReduction for automatic static mesh reduction
[2023.05.08-14.13.55:127][  0]LogMeshReduction: Using SimplygonMeshReduction for automatic skeletal mesh reduction
[2023.05.08-14.13.55:127][  0]LogMeshReduction: Using ProxyLODMeshReduction for automatic mesh merging
[2023.05.08-14.13.55:127][  0]LogMeshReduction: No distributed automatic mesh merging module available
[2023.05.08-14.13.55:127][  0]LogMeshMerging: No distributed automatic mesh merging module available
[2023.05.08-14.13.55:138][  0]LogNetVersion: les4_5 1.0.0, NetCL: 17155196, EngineNetVer: 17, GameNetVer: 0 (Checksum: 2316579679)
[2023.05.08-14.13.55:413][  0]LogTexture: Default maximum texture size for cubemaps generated from long-lat sources has been changed from 512 to unlimited. In order to preserve old behaiour for '/Engine/MapTemplates/Sky/DaylightAmbientCubemap.DaylightAmbientCubemap', its maximum texture size has been explicitly set to 512.
[2023.05.08-14.13.55:455][  0]LogHMD: PokeAHoleMaterial loaded successfully
[2023.05.08-14.13.55:461][  0]LogUObjectArray: 17178 objects as part of root set at end of initial load.
[2023.05.08-14.13.55:461][  0]LogUObjectAllocator: 4302048 out of 0 bytes used by permanent object pool.
[2023.05.08-14.13.55:461][  0]LogUObjectArray: CloseDisregardForGC: 0/0 objects in disregard for GC pool
[2023.05.08-14.13.55:688][  0]LogNiagaraDebuggerClient: Niagara Debugger Client Initialized | Session: 8D161BAE48D6BE58AF84A0BC72ED9818 | Instance: 27E69ADA4CE0945E30C7E3A228D8AFF6 (CATSNOTE-13648).
[2023.05.08-14.13.55:804][  0]LogPython: Using Python 3.7.7
[2023.05.08-14.13.56:217][  0]LogTcpMessaging: Initializing TcpMessaging bridge
[2023.05.08-14.13.56:222][  0]LogUdpMessaging: Initializing bridge on interface 0.0.0.0:0 to multicast group 230.0.0.1:6666.
[2023.05.08-14.13.56:422][  0]SourceControl: Source control is disabled
[2023.05.08-14.13.57:019][  0]LogUProjectInfo: Found projects:
[2023.05.08-14.13.57:128][  0]LogOpenImageDenoise: OIDN starting up
[2023.05.08-14.13.57:188][  0]LogAudioCaptureCore: Display: No Audio Capture implementations found. Audio input will be silent.
[2023.05.08-14.13.57:188][  0]LogAudioCaptureCore: Display: No Audio Capture implementations found. Audio input will be silent.
[2023.05.08-14.13.57:207][  0]LogAndroidPermission: UAndroidPermissionCallbackProxy::GetInstance
[2023.05.08-14.13.57:297][  0]LogCollectionManager: Loaded 0 collections in 0.001419 seconds
[2023.05.08-14.13.57:319][  0]LogFileCache: Scanning file cache for directory 'D:/UEProjects/lessonsRepeate/les4_5/Saved/Collections/' took 0.00s
[2023.05.08-14.13.57:319][  0]LogFileCache: Scanning file cache for directory 'D:/UEProjects/lessonsRepeate/les4_5/Content/Developers/rovda/Collections/' took 0.00s
[2023.05.08-14.13.57:319][  0]LogFileCache: Scanning file cache for directory 'D:/UEProjects/lessonsRepeate/les4_5/Content/Collections/' took 0.00s
[2023.05.08-14.13.57:319][  0]LogOcInput: OculusInput pre-init called
[2023.05.08-14.13.57:494][  0]LogEngine: Initializing Engine...
[2023.05.08-14.13.57:561][  0]LogHMD: Failed to initialize OpenVR with code 108
[2023.05.08-14.13.57:644][  0]LogHMD: Optional extension XR_VARJO_quad_views is not available
[2023.05.08-14.13.57:644][  0]LogHMD: Warning: Required extension XR_EXT_eye_gaze_interaction is not available
[2023.05.08-14.13.57:644][  0]LogHMD: Could not enable all required OpenXR extensions for OpenXREyeTracker on current system. This plugin will be loaded but ignored, but will be enabled on a target platform that supports the required extension.
[2023.05.08-14.13.57:645][  0]LogHMD: Failed to get an OpenXR system, result is XR_ERROR_FORM_FACTOR_UNAVAILABLE. Please check that your runtime supports VR headsets.
[2023.05.08-14.13.57:645][  0]LogMagicLeap: Warning: VR disabled because ZI is not enabled.  To enable, in the editor, Edit -> Project Settings -> Plugins -> Magic Leap Plugin -> Enable Zero Iteration
[2023.05.08-14.13.57:645][  0]LogStats: UGameplayTagsManager::InitializeManager -  0.000 s
[2023.05.08-14.13.57:730][  0]LogInit: Initializing FReadOnlyCVARCache
[2023.05.08-14.13.57:738][  0]LogAIModule: Creating AISystem for world Untitled
[2023.05.08-14.13.57:744][  0]LogAudio: Display: Initializing Audio Device Manager...
[2023.05.08-14.13.57:748][  0]LogAudio: Display: Loading Default Audio Settings Objects...
[2023.05.08-14.13.57:748][  0]LogAudio: Display: No default SoundConcurrencyObject specified (or failed to load).
[2023.05.08-14.13.57:749][  0]LogAudio: Display: Audio Device Manager Initialized
[2023.05.08-14.13.57:749][  0]LogAudio: Display: Creating Audio Device:                 Id: 1, Scope: Shared, Realtime: True
[2023.05.08-14.13.57:749][  0]LogAudioMixer: Display: Audio Mixer Platform Settings:
[2023.05.08-14.13.57:749][  0]LogAudioMixer: Display: 	Sample Rate:						  48000
[2023.05.08-14.13.57:749][  0]LogAudioMixer: Display: 	Callback Buffer Frame Size Requested: 1024
[2023.05.08-14.13.57:749][  0]LogAudioMixer: Display: 	Callback Buffer Frame Size To Use:	  1024
[2023.05.08-14.13.57:749][  0]LogAudioMixer: Display: 	Number of buffers to queue:			  2
[2023.05.08-14.13.57:749][  0]LogAudioMixer: Display: 	Max Channels (voices):				  32
[2023.05.08-14.13.57:749][  0]LogAudioMixer: Display: 	Number of Async Source Workers:		  0
[2023.05.08-14.13.57:749][  0]LogAudio: Display: AudioDevice MaxSources: 32
[2023.05.08-14.13.57:749][  0]LogAudio: Display: Audio Spatialization Plugin: None (built-in).
[2023.05.08-14.13.57:749][  0]LogAudio: Display: Audio Reverb Plugin: None (built-in).
[2023.05.08-14.13.57:749][  0]LogAudio: Display: Audio Occlusion Plugin: None (built-in).
[2023.05.08-14.13.57:749][  0]LogAudioMixer: Display: Initializing audio mixer.
[2023.05.08-14.13.57:759][  0]LogAudioMixer: Display: 0: FrontLeft
[2023.05.08-14.13.57:759][  0]LogAudioMixer: Display: 1: FrontRight
[2023.05.08-14.13.57:778][  0]LogAudioMixer: Display: Using Audio Device Headphones (Realtek(R) Audio)
[2023.05.08-14.13.57:779][  0]LogAudioMixer: Display: Initializing Sound Submixes...
[2023.05.08-14.13.57:781][  0]LogAudioMixer: Display: Creating Master Submix 'MasterSubmixDefault'
[2023.05.08-14.13.57:781][  0]LogAudioMixer: Display: Creating Master Submix 'MasterReverbSubmixDefault'
[2023.05.08-14.13.57:781][  0]LogAudioMixer: Display: Creating Master Submix 'MasterEQSubmixDefault'
[2023.05.08-14.13.57:781][  0]LogAudioMixer: FMixerPlatformXAudio2::StartAudioStream() called
[2023.05.08-14.13.57:781][  0]LogAudioMixer: Display: Output buffers initialized: Frames=1024, Channels=2, Samples=2048
[2023.05.08-14.13.57:782][  0]LogAudioMixer: Display: Starting AudioMixerPlatformInterface::RunInternal()
[2023.05.08-14.13.57:782][  0]LogAudioMixer: Display: FMixerPlatformXAudio2::SubmitBuffer() called for the first time
[2023.05.08-14.13.57:782][  0]LogInit: FAudioDevice initialized.
[2023.05.08-14.13.57:783][  0]LogAudio: Display: Audio Device (ID: 1) registered with world 'Untitled'.
[2023.05.08-14.13.57:783][  0]LogNetVersion: Set ProjectVersion to 1.0.0.0. Version Checksum will be recalculated on next use.
[2023.05.08-14.13.57:846][  0]LogDerivedDataCache: Saved boot cache 0.06s 94MB C:/Users/rovda/AppData/Local/UnrealEngine/4.27/DerivedDataCache/Boot.ddc.
[2023.05.08-14.13.57:847][  0]LogInit: Texture streaming: Enabled
[2023.05.08-14.13.57:859][  0]LogAnalytics: Display: [UEEditor.Rocket.Release] APIServer = https://datarouter.ol.epicgames.com/. AppVersion = 4.27.2-18319896+++UE4+Release-4.27
[2023.05.08-14.13.57:863][  0]LogEngineSessionManager: EngineSessionManager initialized
[2023.05.08-14.13.57:863][  0]LogEditorSessionSummary: Verbose: Initializing EditorSessionSummaryWriter for editor session tracking
[2023.05.08-14.13.57:865][  0]LogEditorSessionSummary: EditorSessionSummaryWriter initialized
[2023.05.08-14.13.57:891][  0]LogInit: Transaction tracking system initialized
[2023.05.08-14.13.57:911][  0]BlueprintLog: New page: Editor Load
[2023.05.08-14.13.57:969][  0]LocalizationService: Localization service is disabled
[2023.05.08-14.13.57:991][  0]TimingProfiler: Initialize
[2023.05.08-14.13.57:991][  0]TimingProfiler: OnSessionChanged
[2023.05.08-14.13.57:991][  0]LoadingProfiler: Initialize
[2023.05.08-14.13.57:991][  0]LoadingProfiler: OnSessionChanged
[2023.05.08-14.13.57:991][  0]NetworkingProfiler: Initialize
[2023.05.08-14.13.57:991][  0]NetworkingProfiler: OnSessionChanged
[2023.05.08-14.13.57:991][  0]MemoryProfiler: Initialize
[2023.05.08-14.13.57:991][  0]MemoryProfiler: OnSessionChanged
[2023.05.08-14.13.58:126][  0]LogCook: Display: CookSettings for Memory: MemoryMaxUsedVirtual 0MiB, MemoryMaxUsedPhysical 16384MiB, MemoryMinFreeVirtual 0MiB, MemoryMinFreePhysical 1024MiB
[2023.05.08-14.13.58:126][  0]LogCook: Display: Mobile HDR setting 1
[2023.05.08-14.13.58:131][  0]LogFileCache: Scanning file cache for directory 'D:/UEProjects/lessonsRepeate/les4_5/Content/' took 0.00s
[2023.05.08-14.13.58:427][  0]LogInit: Display: Engine is initialized. Leaving FEngineLoop::Init()
[2023.05.08-14.13.58:627][  0]LogSlate: Took 0.000291 seconds to synchronously load lazily loaded font '../../../Engine/Content/Slate/Fonts/Roboto-Regular.ttf' (155K)
[2023.05.08-14.14.04:099][  0]LogSlate: Window 'Restore Packages' being destroyed
[2023.05.08-14.14.04:231][  0]LogUnrealEdMisc: Loading editor; pre map load, took 12.778
[2023.05.08-14.14.04:231][  0]Cmd: MAP LOAD FILE="../../../Engine/Content/Maps/Templates/Template_Default.umap" TEMPLATE=1 SHOWPROGRESS=1 FEATURELEVEL=3
[2023.05.08-14.14.04:232][  0]LightingResults: New page: Lighting Build
[2023.05.08-14.14.04:233][  0]LogWorld: UWorld::CleanupWorld for Untitled, bSessionEnded=true, bCleanupResources=true
[2023.05.08-14.14.04:233][  0]LogSlate: InvalidateAllWidgets triggered.  All widgets were invalidated
[2023.05.08-14.14.04:233][  0]MapCheck: New page: Map Check
[2023.05.08-14.14.04:233][  0]LightingResults: New page: Lighting Build
[2023.05.08-14.14.04:238][  0]LogAudio: Display: Audio Device unregistered from world 'None'.
[2023.05.08-14.14.04:241][  0]LogUObjectHash: Compacting FUObjectHashTables data took   0.89ms
[2023.05.08-14.14.04:289][  0]LogTexture: Display: Building textures: DeprecatedTextureEB9CBE3C423008B5E8E130901E171C89 (BGRA8, 128X128)
[2023.05.08-14.14.04:291][  0]LogAudio: Display: Audio Device (ID: 1) registered with world 'Untitled_1'.
[2023.05.08-14.14.04:292][  0]LogAIModule: Creating AISystem for world Untitled_1
[2023.05.08-14.14.04:295][  0]LogEditorServer: Finished looking for orphan Actors (0.000 secs)
[2023.05.08-14.14.04:301][  0]LogUObjectHash: Compacting FUObjectHashTables data took   0.83ms
[2023.05.08-14.14.04:301][  0]Cmd: MAP CHECKDEP NOCLEARLOG
[2023.05.08-14.14.04:301][  0]MapCheck: Map check complete: 0 Error(s), 0 Warning(s), took 0.083ms to complete.
[2023.05.08-14.14.04:301][  0]LogFileHelpers: Loading map 'Template_Default' took 0.070
[2023.05.08-14.14.04:303][  0]LogUnrealEdMisc: Total Editor Startup Time, took 12.851
[2023.05.08-14.14.04:364][  0]LogSlate: Updating window title bar state: overlay mode, drag disabled, window buttons hidden, title bar hidden
[2023.05.08-14.14.04:370][  0]LogSlate: Updating window title bar state: overlay mode, drag disabled, window buttons hidden, title bar hidden
[2023.05.08-14.14.04:375][  0]LogSlate: Updating window title bar state: overlay mode, drag disabled, window buttons hidden, title bar hidden
[2023.05.08-14.14.04:381][  0]LogSlate: Updating window title bar state: overlay mode, drag disabled, window buttons hidden, title bar hidden
[2023.05.08-14.14.04:400][  0]LogNativeClassHierarchy: Verbose: Native class hierarchy populated in 0.0097 seconds. Added 3822 classes and 928 folders.
[2023.05.08-14.14.04:405][  0]LogNativeClassHierarchy: Verbose: Native class hierarchy updated for 'WidgetCarousel' in 0.0003 seconds. Added 0 classes and 0 folders.
[2023.05.08-14.14.04:417][  0]LogPakFile: PakFile PrimaryIndexSize=187
[2023.05.08-14.14.04:417][  0]LogPakFile: PakFile PathHashIndexSize=101
[2023.05.08-14.14.04:417][  0]LogPakFile: PakFile FullDirectoryIndexSize=148
[2023.05.08-14.14.04:417][  0]LogShaderLibrary: Display: ShaderCodeLibraryPakFileMountedCallback: PakFile 'C:/Program Files/Epic Games/UE_4.27/FeaturePacks/FP_FirstPerson.upack' (chunk index -1, root 'root:/') mounted
[2023.05.08-14.14.04:417][  0]LogShaderLibrary: Display: ShaderCodeLibraryPakFileMountedCallback: pending pak file info (ChunkID:-1 Root:root:/ File:C:/Program Files/Epic Games/UE_4.27/FeaturePacks/FP_FirstPerson.upack)
[2023.05.08-14.14.04:417][  0]LogPakFile: OnPakFileMounted2Time == 0.000057
[2023.05.08-14.14.04:426][  0]LogPakFile: PakFile PrimaryIndexSize=189
[2023.05.08-14.14.04:426][  0]LogPakFile: PakFile PathHashIndexSize=101
[2023.05.08-14.14.04:426][  0]LogPakFile: PakFile FullDirectoryIndexSize=152
[2023.05.08-14.14.04:426][  0]LogShaderLibrary: Display: ShaderCodeLibraryPakFileMountedCallback: PakFile 'C:/Program Files/Epic Games/UE_4.27/FeaturePacks/FP_FirstPersonBP.upack' (chunk index -1, root 'root:/') mounted
[2023.05.08-14.14.04:426][  0]LogShaderLibrary: Display: ShaderCodeLibraryPakFileMountedCallback: pending pak file info (ChunkID:-1 Root:root:/ File:C:/Program Files/Epic Games/UE_4.27/FeaturePacks/FP_FirstPersonBP.upack)
[2023.05.08-14.14.04:426][  0]LogPakFile: OnPakFileMounted2Time == 0.000052
[2023.05.08-14.14.04:432][  0]LogPakFile: PakFile PrimaryIndexSize=191
[2023.05.08-14.14.04:432][  0]LogPakFile: PakFile PathHashIndexSize=101
[2023.05.08-14.14.04:432][  0]LogPakFile: PakFile FullDirectoryIndexSize=160
[2023.05.08-14.14.04:432][  0]LogShaderLibrary: Display: ShaderCodeLibraryPakFileMountedCallback: PakFile 'C:/Program Files/Epic Games/UE_4.27/FeaturePacks/MobileStarterContent.upack' (chunk index -1, root 'root:/') mounted
[2023.05.08-14.14.04:432][  0]LogShaderLibrary: Display: ShaderCodeLibraryPakFileMountedCallback: pending pak file info (ChunkID:-1 Root:root:/ File:C:/Program Files/Epic Games/UE_4.27/FeaturePacks/MobileStarterContent.upack)
[2023.05.08-14.14.04:432][  0]LogPakFile: OnPakFileMounted2Time == 0.000040
[2023.05.08-14.14.04:438][  0]LogPakFile: PakFile PrimaryIndexSize=185
[2023.05.08-14.14.04:438][  0]LogPakFile: PakFile PathHashIndexSize=101
[2023.05.08-14.14.04:438][  0]LogPakFile: PakFile FullDirectoryIndexSize=148
[2023.05.08-14.14.04:438][  0]LogShaderLibrary: Display: ShaderCodeLibraryPakFileMountedCallback: PakFile 'C:/Program Files/Epic Games/UE_4.27/FeaturePacks/StarterContent.upack' (chunk index -1, root 'root:/') mounted
[2023.05.08-14.14.04:438][  0]LogShaderLibrary: Display: ShaderCodeLibraryPakFileMountedCallback: pending pak file info (ChunkID:-1 Root:root:/ File:C:/Program Files/Epic Games/UE_4.27/FeaturePacks/StarterContent.upack)
[2023.05.08-14.14.04:438][  0]LogPakFile: OnPakFileMounted2Time == 0.000041
[2023.05.08-14.14.04:444][  0]LogPakFile: PakFile PrimaryIndexSize=190
[2023.05.08-14.14.04:444][  0]LogPakFile: PakFile PathHashIndexSize=101
[2023.05.08-14.14.04:444][  0]LogPakFile: PakFile FullDirectoryIndexSize=154
[2023.05.08-14.14.04:444][  0]LogShaderLibrary: Display: ShaderCodeLibraryPakFileMountedCallback: PakFile 'C:/Program Files/Epic Games/UE_4.27/FeaturePacks/TP_2DSideScroller.upack' (chunk index -1, root 'root:/') mounted
[2023.05.08-14.14.04:444][  0]LogShaderLibrary: Display: ShaderCodeLibraryPakFileMountedCallback: pending pak file info (ChunkID:-1 Root:root:/ File:C:/Program Files/Epic Games/UE_4.27/FeaturePacks/TP_2DSideScroller.upack)
[2023.05.08-14.14.04:444][  0]LogPakFile: OnPakFileMounted2Time == 0.000040
[2023.05.08-14.14.04:449][  0]LogPakFile: PakFile PrimaryIndexSize=192
[2023.05.08-14.14.04:449][  0]LogPakFile: PakFile PathHashIndexSize=101
[2023.05.08-14.14.04:449][  0]LogPakFile: PakFile FullDirectoryIndexSize=158
[2023.05.08-14.14.04:449][  0]LogShaderLibrary: Display: ShaderCodeLibraryPakFileMountedCallback: PakFile 'C:/Program Files/Epic Games/UE_4.27/FeaturePacks/TP_2DSideScrollerBP.upack' (chunk index -1, root 'root:/') mounted
[2023.05.08-14.14.04:449][  0]LogShaderLibrary: Display: ShaderCodeLibraryPakFileMountedCallback: pending pak file info (ChunkID:-1 Root:root:/ File:C:/Program Files/Epic Games/UE_4.27/FeaturePacks/TP_2DSideScrollerBP.upack)
[2023.05.08-14.14.04:449][  0]LogPakFile: OnPakFileMounted2Time == 0.000046
[2023.05.08-14.14.04:455][  0]LogPakFile: PakFile PrimaryIndexSize=182
[2023.05.08-14.14.04:455][  0]LogPakFile: PakFile PathHashIndexSize=101
[2023.05.08-14.14.04:455][  0]LogPakFile: PakFile FullDirectoryIndexSize=138
[2023.05.08-14.14.04:455][  0]LogShaderLibrary: Display: ShaderCodeLibraryPakFileMountedCallback: PakFile 'C:/Program Files/Epic Games/UE_4.27/FeaturePacks/TP_Flying.upack' (chunk index -1, root 'root:/') mounted
[2023.05.08-14.14.04:455][  0]LogShaderLibrary: Display: ShaderCodeLibraryPakFileMountedCallback: pending pak file info (ChunkID:-1 Root:root:/ File:C:/Program Files/Epic Games/UE_4.27/FeaturePacks/TP_Flying.upack)
[2023.05.08-14.14.04:455][  0]LogPakFile: OnPakFileMounted2Time == 0.000038
[2023.05.08-14.14.04:465][  0]LogPakFile: PakFile PrimaryIndexSize=184
[2023.05.08-14.14.04:465][  0]LogPakFile: PakFile PathHashIndexSize=101
[2023.05.08-14.14.04:465][  0]LogPakFile: PakFile FullDirectoryIndexSize=142
[2023.05.08-14.14.04:465][  0]LogShaderLibrary: Display: ShaderCodeLibraryPakFileMountedCallback: PakFile 'C:/Program Files/Epic Games/UE_4.27/FeaturePacks/TP_FlyingBP.upack' (chunk index -1, root 'root:/') mounted
[2023.05.08-14.14.04:465][  0]LogShaderLibrary: Display: ShaderCodeLibraryPakFileMountedCallback: pending pak file info (ChunkID:-1 Root:root:/ File:C:/Program Files/Epic Games/UE_4.27/FeaturePacks/TP_FlyingBP.upack)
[2023.05.08-14.14.04:465][  0]LogPakFile: OnPakFileMounted2Time == 0.000043
[2023.05.08-14.14.04:470][  0]LogPakFile: PakFile PrimaryIndexSize=188
[2023.05.08-14.14.04:470][  0]LogPakFile: PakFile PathHashIndexSize=101
[2023.05.08-14.14.04:470][  0]LogPakFile: PakFile FullDirectoryIndexSize=150
[2023.05.08-14.14.04:470][  0]LogShaderLibrary: Display: ShaderCodeLibraryPakFileMountedCallback: PakFile 'C:/Program Files/Epic Games/UE_4.27/FeaturePacks/TP_HandheldARBP.upack' (chunk index -1, root 'root:/') mounted
[2023.05.08-14.14.04:470][  0]LogShaderLibrary: Display: ShaderCodeLibraryPakFileMountedCallback: pending pak file info (ChunkID:-1 Root:root:/ File:C:/Program Files/Epic Games/UE_4.27/FeaturePacks/TP_HandheldARBP.upack)
[2023.05.08-14.14.04:470][  0]LogPakFile: OnPakFileMounted2Time == 0.000039
[2023.05.08-14.14.04:480][  0]LogPakFile: PakFile PrimaryIndexSize=182
[2023.05.08-14.14.04:480][  0]LogPakFile: PakFile PathHashIndexSize=101
[2023.05.08-14.14.04:480][  0]LogPakFile: PakFile FullDirectoryIndexSize=138
[2023.05.08-14.14.04:480][  0]LogShaderLibrary: Display: ShaderCodeLibraryPakFileMountedCallback: PakFile 'C:/Program Files/Epic Games/UE_4.27/FeaturePacks/TP_Puzzle.upack' (chunk index -1, root 'root:/') mounted
[2023.05.08-14.14.04:480][  0]LogShaderLibrary: Display: ShaderCodeLibraryPakFileMountedCallback: pending pak file info (ChunkID:-1 Root:root:/ File:C:/Program Files/Epic Games/UE_4.27/FeaturePacks/TP_Puzzle.upack)
[2023.05.08-14.14.04:480][  0]LogPakFile: OnPakFileMounted2Time == 0.000039
[2023.05.08-14.14.04:485][  0]LogPakFile: PakFile PrimaryIndexSize=184
[2023.05.08-14.14.04:485][  0]LogPakFile: PakFile PathHashIndexSize=101
[2023.05.08-14.14.04:485][  0]LogPakFile: PakFile FullDirectoryIndexSize=142
[2023.05.08-14.14.04:485][  0]LogShaderLibrary: Display: ShaderCodeLibraryPakFileMountedCallback: PakFile 'C:/Program Files/Epic Games/UE_4.27/FeaturePacks/TP_PuzzleBP.upack' (chunk index -1, root 'root:/') mounted
[2023.05.08-14.14.04:485][  0]LogShaderLibrary: Display: ShaderCodeLibraryPakFileMountedCallback: pending pak file info (ChunkID:-1 Root:root:/ File:C:/Program Files/Epic Games/UE_4.27/FeaturePacks/TP_PuzzleBP.upack)
[2023.05.08-14.14.04:486][  0]LogPakFile: OnPakFileMounted2Time == 0.000058
[2023.05.08-14.14.04:492][  0]LogPakFile: PakFile PrimaryIndexSize=183
[2023.05.08-14.14.04:492][  0]LogPakFile: PakFile PathHashIndexSize=101
[2023.05.08-14.14.04:492][  0]LogPakFile: PakFile FullDirectoryIndexSize=140
[2023.05.08-14.14.04:492][  0]LogShaderLibrary: Display: ShaderCodeLibraryPakFileMountedCallback: PakFile 'C:/Program Files/Epic Games/UE_4.27/FeaturePacks/TP_Rolling.upack' (chunk index -1, root 'root:/') mounted
[2023.05.08-14.14.04:492][  0]LogShaderLibrary: Display: ShaderCodeLibraryPakFileMountedCallback: pending pak file info (ChunkID:-1 Root:root:/ File:C:/Program Files/Epic Games/UE_4.27/FeaturePacks/TP_Rolling.upack)
[2023.05.08-14.14.04:492][  0]LogPakFile: OnPakFileMounted2Time == 0.000051
[2023.05.08-14.14.04:497][  0]LogPakFile: PakFile PrimaryIndexSize=185
[2023.05.08-14.14.04:497][  0]LogPakFile: PakFile PathHashIndexSize=101
[2023.05.08-14.14.04:497][  0]LogPakFile: PakFile FullDirectoryIndexSize=144
[2023.05.08-14.14.04:497][  0]LogShaderLibrary: Display: ShaderCodeLibraryPakFileMountedCallback: PakFile 'C:/Program Files/Epic Games/UE_4.27/FeaturePacks/TP_RollingBP.upack' (chunk index -1, root 'root:/') mounted
[2023.05.08-14.14.04:497][  0]LogShaderLibrary: Display: ShaderCodeLibraryPakFileMountedCallback: pending pak file info (ChunkID:-1 Root:root:/ File:C:/Program Files/Epic Games/UE_4.27/FeaturePacks/TP_RollingBP.upack)
[2023.05.08-14.14.04:497][  0]LogPakFile: OnPakFileMounted2Time == 0.000042
[2023.05.08-14.14.04:502][  0]LogPakFile: PakFile PrimaryIndexSize=188
[2023.05.08-14.14.04:504][  0]LogPakFile: PakFile PathHashIndexSize=101
[2023.05.08-14.14.04:504][  0]LogPakFile: PakFile FullDirectoryIndexSize=150
[2023.05.08-14.14.04:504][  0]LogShaderLibrary: Display: ShaderCodeLibraryPakFileMountedCallback: PakFile 'C:/Program Files/Epic Games/UE_4.27/FeaturePacks/TP_SideScroller.upack' (chunk index -1, root 'root:/') mounted
[2023.05.08-14.14.04:504][  0]LogShaderLibrary: Display: ShaderCodeLibraryPakFileMountedCallback: pending pak file info (ChunkID:-1 Root:root:/ File:C:/Program Files/Epic Games/UE_4.27/FeaturePacks/TP_SideScroller.upack)
[2023.05.08-14.14.04:504][  0]LogPakFile: OnPakFileMounted2Time == 0.000040
[2023.05.08-14.14.04:509][  0]LogPakFile: PakFile PrimaryIndexSize=190
[2023.05.08-14.14.04:509][  0]LogPakFile: PakFile PathHashIndexSize=101
[2023.05.08-14.14.04:509][  0]LogPakFile: PakFile FullDirectoryIndexSize=154
[2023.05.08-14.14.04:509][  0]LogShaderLibrary: Display: ShaderCodeLibraryPakFileMountedCallback: PakFile 'C:/Program Files/Epic Games/UE_4.27/FeaturePacks/TP_SideScrollerBP.upack' (chunk index -1, root 'root:/') mounted
[2023.05.08-14.14.04:509][  0]LogShaderLibrary: Display: ShaderCodeLibraryPakFileMountedCallback: pending pak file info (ChunkID:-1 Root:root:/ File:C:/Program Files/Epic Games/UE_4.27/FeaturePacks/TP_SideScrollerBP.upack)
[2023.05.08-14.14.04:509][  0]LogPakFile: OnPakFileMounted2Time == 0.000049
[2023.05.08-14.14.04:515][  0]LogPakFile: PakFile PrimaryIndexSize=187
[2023.05.08-14.14.04:515][  0]LogPakFile: PakFile PathHashIndexSize=101
[2023.05.08-14.14.04:515][  0]LogPakFile: PakFile FullDirectoryIndexSize=148
[2023.05.08-14.14.04:515][  0]LogShaderLibrary: Display: ShaderCodeLibraryPakFileMountedCallback: PakFile 'C:/Program Files/Epic Games/UE_4.27/FeaturePacks/TP_ThirdPerson.upack' (chunk index -1, root 'root:/') mounted
[2023.05.08-14.14.04:515][  0]LogShaderLibrary: Display: ShaderCodeLibraryPakFileMountedCallback: pending pak file info (ChunkID:-1 Root:root:/ File:C:/Program Files/Epic Games/UE_4.27/FeaturePacks/TP_ThirdPerson.upack)
[2023.05.08-14.14.04:515][  0]LogPakFile: OnPakFileMounted2Time == 0.000041
[2023.05.08-14.14.04:520][  0]LogPakFile: PakFile PrimaryIndexSize=189
[2023.05.08-14.14.04:520][  0]LogPakFile: PakFile PathHashIndexSize=101
[2023.05.08-14.14.04:520][  0]LogPakFile: PakFile FullDirectoryIndexSize=152
[2023.05.08-14.14.04:520][  0]LogShaderLibrary: Display: ShaderCodeLibraryPakFileMountedCallback: PakFile 'C:/Program Files/Epic Games/UE_4.27/FeaturePacks/TP_ThirdPersonBP.upack' (chunk index -1, root 'root:/') mounted
[2023.05.08-14.14.04:520][  0]LogShaderLibrary: Display: ShaderCodeLibraryPakFileMountedCallback: pending pak file info (ChunkID:-1 Root:root:/ File:C:/Program Files/Epic Games/UE_4.27/FeaturePacks/TP_ThirdPersonBP.upack)
[2023.05.08-14.14.04:520][  0]LogPakFile: OnPakFileMounted2Time == 0.000042
[2023.05.08-14.14.04:527][  0]LogPakFile: PakFile PrimaryIndexSize=183
[2023.05.08-14.14.04:527][  0]LogPakFile: PakFile PathHashIndexSize=101
[2023.05.08-14.14.04:527][  0]LogPakFile: PakFile FullDirectoryIndexSize=140
[2023.05.08-14.14.04:527][  0]LogShaderLibrary: Display: ShaderCodeLibraryPakFileMountedCallback: PakFile 'C:/Program Files/Epic Games/UE_4.27/FeaturePacks/TP_TopDown.upack' (chunk index -1, root 'root:/') mounted
[2023.05.08-14.14.04:527][  0]LogShaderLibrary: Display: ShaderCodeLibraryPakFileMountedCallback: pending pak file info (ChunkID:-1 Root:root:/ File:C:/Program Files/Epic Games/UE_4.27/FeaturePacks/TP_TopDown.upack)
[2023.05.08-14.14.04:527][  0]LogPakFile: OnPakFileMounted2Time == 0.000055
[2023.05.08-14.14.04:531][  0]LogPakFile: PakFile PrimaryIndexSize=185
[2023.05.08-14.14.04:531][  0]LogPakFile: PakFile PathHashIndexSize=101
[2023.05.08-14.14.04:531][  0]LogPakFile: PakFile FullDirectoryIndexSize=144
[2023.05.08-14.14.04:531][  0]LogShaderLibrary: Display: ShaderCodeLibraryPakFileMountedCallback: PakFile 'C:/Program Files/Epic Games/UE_4.27/FeaturePacks/TP_TopDownBP.upack' (chunk index -1, root 'root:/') mounted
[2023.05.08-14.14.04:531][  0]LogShaderLibrary: Display: ShaderCodeLibraryPakFileMountedCallback: pending pak file info (ChunkID:-1 Root:root:/ File:C:/Program Files/Epic Games/UE_4.27/FeaturePacks/TP_TopDownBP.upack)
[2023.05.08-14.14.04:531][  0]LogPakFile: OnPakFileMounted2Time == 0.000046
[2023.05.08-14.14.04:538][  0]LogPakFile: PakFile PrimaryIndexSize=185
[2023.05.08-14.14.04:538][  0]LogPakFile: PakFile PathHashIndexSize=101
[2023.05.08-14.14.04:538][  0]LogPakFile: PakFile FullDirectoryIndexSize=144
[2023.05.08-14.14.04:538][  0]LogShaderLibrary: Display: ShaderCodeLibraryPakFileMountedCallback: PakFile 'C:/Program Files/Epic Games/UE_4.27/FeaturePacks/TP_TwinStick.upack' (chunk index -1, root 'root:/') mounted
[2023.05.08-14.14.04:538][  0]LogShaderLibrary: Display: ShaderCodeLibraryPakFileMountedCallback: pending pak file info (ChunkID:-1 Root:root:/ File:C:/Program Files/Epic Games/UE_4.27/FeaturePacks/TP_TwinStick.upack)
[2023.05.08-14.14.04:538][  0]LogPakFile: OnPakFileMounted2Time == 0.000042
[2023.05.08-14.14.04:544][  0]LogPakFile: PakFile PrimaryIndexSize=187
[2023.05.08-14.14.04:544][  0]LogPakFile: PakFile PathHashIndexSize=101
[2023.05.08-14.14.04:544][  0]LogPakFile: PakFile FullDirectoryIndexSize=148
[2023.05.08-14.14.04:544][  0]LogShaderLibrary: Display: ShaderCodeLibraryPakFileMountedCallback: PakFile 'C:/Program Files/Epic Games/UE_4.27/FeaturePacks/TP_TwinStickBP.upack' (chunk index -1, root 'root:/') mounted
[2023.05.08-14.14.04:544][  0]LogShaderLibrary: Display: ShaderCodeLibraryPakFileMountedCallback: pending pak file info (ChunkID:-1 Root:root:/ File:C:/Program Files/Epic Games/UE_4.27/FeaturePacks/TP_TwinStickBP.upack)
[2023.05.08-14.14.04:544][  0]LogPakFile: OnPakFileMounted2Time == 0.000046
[2023.05.08-14.14.04:562][  0]LogPakFile: PakFile PrimaryIndexSize=183
[2023.05.08-14.14.04:562][  0]LogPakFile: PakFile PathHashIndexSize=101
[2023.05.08-14.14.04:562][  0]LogPakFile: PakFile FullDirectoryIndexSize=140
[2023.05.08-14.14.04:562][  0]LogShaderLibrary: Display: ShaderCodeLibraryPakFileMountedCallback: PakFile 'C:/Program Files/Epic Games/UE_4.27/FeaturePacks/TP_Vehicle.upack' (chunk index -1, root 'root:/') mounted
[2023.05.08-14.14.04:562][  0]LogShaderLibrary: Display: ShaderCodeLibraryPakFileMountedCallback: pending pak file info (ChunkID:-1 Root:root:/ File:C:/Program Files/Epic Games/UE_4.27/FeaturePacks/TP_Vehicle.upack)
[2023.05.08-14.14.04:562][  0]LogPakFile: OnPakFileMounted2Time == 0.000037
[2023.05.08-14.14.04:579][  0]LogPakFile: PakFile PrimaryIndexSize=186
[2023.05.08-14.14.04:579][  0]LogPakFile: PakFile PathHashIndexSize=101
[2023.05.08-14.14.04:579][  0]LogPakFile: PakFile FullDirectoryIndexSize=146
[2023.05.08-14.14.04:579][  0]LogShaderLibrary: Display: ShaderCodeLibraryPakFileMountedCallback: PakFile 'C:/Program Files/Epic Games/UE_4.27/FeaturePacks/TP_VehicleAdv.upack' (chunk index -1, root 'root:/') mounted
[2023.05.08-14.14.04:579][  0]LogShaderLibrary: Display: ShaderCodeLibraryPakFileMountedCallback: pending pak file info (ChunkID:-1 Root:root:/ File:C:/Program Files/Epic Games/UE_4.27/FeaturePacks/TP_VehicleAdv.upack)
[2023.05.08-14.14.04:579][  0]LogPakFile: OnPakFileMounted2Time == 0.000048
[2023.05.08-14.14.04:588][  0]LogPakFile: PakFile PrimaryIndexSize=188
[2023.05.08-14.14.04:588][  0]LogPakFile: PakFile PathHashIndexSize=101
[2023.05.08-14.14.04:588][  0]LogPakFile: PakFile FullDirectoryIndexSize=150
[2023.05.08-14.14.04:588][  0]LogShaderLibrary: Display: ShaderCodeLibraryPakFileMountedCallback: PakFile 'C:/Program Files/Epic Games/UE_4.27/FeaturePacks/TP_VehicleAdvBP.upack' (chunk index -1, root 'root:/') mounted
[2023.05.08-14.14.04:588][  0]LogShaderLibrary: Display: ShaderCodeLibraryPakFileMountedCallback: pending pak file info (ChunkID:-1 Root:root:/ File:C:/Program Files/Epic Games/UE_4.27/FeaturePacks/TP_VehicleAdvBP.upack)
[2023.05.08-14.14.04:588][  0]LogPakFile: OnPakFileMounted2Time == 0.000047
[2023.05.08-14.14.04:593][  0]LogPakFile: PakFile PrimaryIndexSize=185
[2023.05.08-14.14.04:594][  0]LogPakFile: PakFile PathHashIndexSize=101
[2023.05.08-14.14.04:594][  0]LogPakFile: PakFile FullDirectoryIndexSize=144
[2023.05.08-14.14.04:594][  0]LogShaderLibrary: Display: ShaderCodeLibraryPakFileMountedCallback: PakFile 'C:/Program Files/Epic Games/UE_4.27/FeaturePacks/TP_VehicleBP.upack' (chunk index -1, root 'root:/') mounted
[2023.05.08-14.14.04:594][  0]LogShaderLibrary: Display: ShaderCodeLibraryPakFileMountedCallback: pending pak file info (ChunkID:-1 Root:root:/ File:C:/Program Files/Epic Games/UE_4.27/FeaturePacks/TP_VehicleBP.upack)
[2023.05.08-14.14.04:594][  0]LogPakFile: OnPakFileMounted2Time == 0.000034
[2023.05.08-14.14.04:599][  0]LogPakFile: PakFile PrimaryIndexSize=192
[2023.05.08-14.14.04:599][  0]LogPakFile: PakFile PathHashIndexSize=101
[2023.05.08-14.14.04:599][  0]LogPakFile: PakFile FullDirectoryIndexSize=158
[2023.05.08-14.14.04:599][  0]LogShaderLibrary: Display: ShaderCodeLibraryPakFileMountedCallback: PakFile 'C:/Program Files/Epic Games/UE_4.27/FeaturePacks/TP_VirtualRealityBP.upack' (chunk index -1, root 'root:/') mounted
[2023.05.08-14.14.04:599][  0]LogShaderLibrary: Display: ShaderCodeLibraryPakFileMountedCallback: pending pak file info (ChunkID:-1 Root:root:/ File:C:/Program Files/Epic Games/UE_4.27/FeaturePacks/TP_VirtualRealityBP.upack)
[2023.05.08-14.14.04:599][  0]LogPakFile: OnPakFileMounted2Time == 0.000038
[2023.05.08-14.14.04:847][  0]LogNativeClassHierarchy: Verbose: Native class hierarchy updated for 'AddContentDialog' in 0.0003 seconds. Added 0 classes and 0 folders.
[2023.05.08-14.14.04:848][  0]LogNativeClassHierarchy: Verbose: Native class hierarchy updated for 'SceneOutliner' in 0.0003 seconds. Added 2 classes and 0 folders.
[2023.05.08-14.14.04:875][  0]LogSlate: Took 0.006714 seconds to synchronously load lazily loaded font '../../../Engine/Content/Editor/Slate/Fonts/FontAwesome.ttf' (139K)
[2023.05.08-14.14.04:877][  0]LogSlate: Took 0.000158 seconds to synchronously load lazily loaded font '../../../Engine/Content/Slate/Fonts/Roboto-Bold.ttf' (160K)
[2023.05.08-14.14.04:952][  0]LogRenderer: Reallocating scene render targets to support 1632x728 Format 10 NumSamples 1 (Frame:1).
[2023.05.08-14.14.05:356][  0]LogNativeClassHierarchy: Verbose: Native class hierarchy updated for 'HierarchicalLODOutliner' in 0.0003 seconds. Added 0 classes and 0 folders.
[2023.05.08-14.14.05:356][  0]LogLoad: (Engine Initialization) Total time: 13.90 seconds
[2023.05.08-14.14.05:356][  0]LogLoad: (Engine Initialization) Total Blueprint compile time: 0.00 seconds
[2023.05.08-14.14.05:392][  0]LogAssetRegistry: Asset discovery search completed in 10.5749 seconds
[2023.05.08-14.14.05:397][  0]LogCollectionManager: Fixed up redirectors for 0 collections in 0.000003 seconds (updated 0 objects)
[2023.05.08-14.14.05:398][  0]LogContentStreaming: Texture pool size now 1000 MB
[2023.05.08-14.14.06:374][ 93]LogSlate: Took 0.004845 seconds to synchronously load lazily loaded font '../../../Engine/Content/Slate/Fonts/Roboto-Light.ttf' (167K)
[2023.05.08-14.14.09:299][137]LogAssetEditorSubsystem: Opening Asset editor for Blueprint /Game/Meshes/BP_Ball.BP_Ball
[2023.05.08-14.14.10:043][137]LogNativeClassHierarchy: Verbose: Native class hierarchy updated for 'BlueprintGraph' in 0.0006 seconds. Added 126 classes and 0 folders.
[2023.05.08-14.14.10:745][137]LogAssetEditorSubsystem: Opening Asset editor for Blueprint /Game/Meshes/BP_Desk.BP_Desk
[2023.05.08-14.14.11:047][137]LogAssetEditorSubsystem: Opening Asset editor for Blueprint /Game/Meshes/BP_DestructableCube.BP_DestructableCube
[2023.05.08-14.14.11:325][137]LogAssetEditorSubsystem: Opening Asset editor for Blueprint /Game/Meshes/BP_Bonus.BP_Bonus
[2023.05.08-14.14.11:713][137]LogSlate: Took 0.000208 seconds to synchronously load lazily loaded font '../../../Engine/Content/Slate/Fonts/Roboto-BoldCondensed.ttf' (158K)
[2023.05.08-14.14.11:868][138]LogSlate: Took 0.004244 seconds to synchronously load lazily loaded font '../../../Engine/Content/Slate/Fonts/Roboto-Italic.ttf' (157K)
[2023.05.08-14.14.21:274][824]LogSlate: Window 'BP_Desk' being destroyed
[2023.05.08-14.16.16:803][999]LogWindowsTextInputMethodSystem: Display: IME system deactivated.
[2023.05.08-14.16.16:803][999]LogWindowsTextInputMethodSystem: Display: IME system deactivated.
